<?xml version="1.0" encoding="UTF-8"?>
<testng-results ignored="0" total="80" passed="15" failed="65" skipped="0">
  <reporter-output>
  </reporter-output>
  <suite started-at="2024-08-09T18:35:14 IST" name="Suite" finished-at="2024-08-09T19:32:17 IST" duration-ms="3423031">
    <groups>
    </groups>
    <test started-at="2024-08-09T18:35:14 IST" name="Test" finished-at="2024-08-09T19:32:17 IST" duration-ms="3423031">
      <class name="Test.TC002_Login">
        <test-method is-config="true" signature="setup()[pri:0, instance:Test.TC002_Login@15f47664]" started-at="2024-08-09T18:35:14 IST" name="setup" finished-at="2024-08-09T18:35:14 IST" duration-ms="1" status="PASS">
          <reporter-output>
          </reporter-output>
        </test-method> <!-- setup -->
        <test-method is-config="true" signature="launchingBrowser()[pri:0, instance:Test.TC002_Login@15f47664]" started-at="2024-08-09T19:22:23 IST" name="launchingBrowser" finished-at="2024-08-09T19:22:35 IST" duration-ms="11959" status="PASS">
          <reporter-output>
          </reporter-output>
        </test-method> <!-- launchingBrowser -->
        <test-method signature="validLogin(java.lang.String,java.lang.String,java.lang.String,java.lang.String)[pri:0, instance:Test.TC002_Login@15f47664]" started-at="2024-08-09T19:22:35 IST" name="validLogin" data-provider="getdata" finished-at="2024-08-09T19:22:48 IST" duration-ms="13361" status="PASS">
          <params>
            <param index="0">
              <value>
                <![CDATA[jennerarmstrong123@gmail.com]]>
              </value>
            </param>
            <param index="1">
              <value>
                <![CDATA[Jenner987@]]>
              </value>
            </param>
            <param index="2">
              <value>
                <![CDATA[Valid]]>
              </value>
            </param>
            <param index="3">
              <value>
                <![CDATA[Account verified]]>
              </value>
            </param>
          </params>
          <reporter-output>
          </reporter-output>
        </test-method> <!-- validLogin -->
        <test-method is-config="true" signature="closeBrowser()[pri:0, instance:Test.TC002_Login@15f47664]" started-at="2024-08-09T19:22:48 IST" name="closeBrowser" finished-at="2024-08-09T19:22:48 IST" duration-ms="360" status="PASS">
          <reporter-output>
          </reporter-output>
        </test-method> <!-- closeBrowser -->
        <test-method is-config="true" signature="launchingBrowser()[pri:0, instance:Test.TC002_Login@15f47664]" started-at="2024-08-09T19:22:48 IST" name="launchingBrowser" finished-at="2024-08-09T19:22:58 IST" duration-ms="10071" status="PASS">
          <reporter-output>
          </reporter-output>
        </test-method> <!-- launchingBrowser -->
        <test-method signature="validLogin(java.lang.String,java.lang.String,java.lang.String,java.lang.String)[pri:0, instance:Test.TC002_Login@15f47664]" started-at="2024-08-09T19:22:58 IST" name="validLogin" data-provider="getdata" finished-at="2024-08-09T19:23:26 IST" duration-ms="27365" status="PASS">
          <params>
            <param index="0">
              <value>
                <![CDATA[usertest92@gmail.com]]>
              </value>
            </param>
            <param index="1">
              <value>
                <![CDATA[]]>
              </value>
            </param>
            <param index="2">
              <value>
                <![CDATA[Invalid]]>
              </value>
            </param>
            <param index="3">
              <value>
                <![CDATA[Account not verified]]>
              </value>
            </param>
          </params>
          <reporter-output>
          </reporter-output>
        </test-method> <!-- validLogin -->
        <test-method is-config="true" signature="closeBrowser()[pri:0, instance:Test.TC002_Login@15f47664]" started-at="2024-08-09T19:23:26 IST" name="closeBrowser" finished-at="2024-08-09T19:23:26 IST" duration-ms="325" status="PASS">
          <reporter-output>
          </reporter-output>
        </test-method> <!-- closeBrowser -->
        <test-method is-config="true" signature="launchingBrowser()[pri:0, instance:Test.TC002_Login@15f47664]" started-at="2024-08-09T19:23:26 IST" name="launchingBrowser" finished-at="2024-08-09T19:23:37 IST" duration-ms="10879" status="PASS">
          <reporter-output>
          </reporter-output>
        </test-method> <!-- launchingBrowser -->
        <test-method signature="validLogin(java.lang.String,java.lang.String,java.lang.String,java.lang.String)[pri:0, instance:Test.TC002_Login@15f47664]" started-at="2024-08-09T19:23:37 IST" name="validLogin" data-provider="getdata" finished-at="2024-08-09T19:23:56 IST" duration-ms="18520" status="PASS">
          <params>
            <param index="0">
              <value>
                <![CDATA[]]>
              </value>
            </param>
            <param index="1">
              <value>
                <![CDATA[Jenner987@]]>
              </value>
            </param>
            <param index="2">
              <value>
                <![CDATA[Invalid]]>
              </value>
            </param>
            <param index="3">
              <value>
                <![CDATA[Account not verified]]>
              </value>
            </param>
          </params>
          <reporter-output>
          </reporter-output>
        </test-method> <!-- validLogin -->
        <test-method is-config="true" signature="closeBrowser()[pri:0, instance:Test.TC002_Login@15f47664]" started-at="2024-08-09T19:23:56 IST" name="closeBrowser" finished-at="2024-08-09T19:23:56 IST" duration-ms="196" status="PASS">
          <reporter-output>
          </reporter-output>
        </test-method> <!-- closeBrowser -->
        <test-method is-config="true" signature="launchingBrowser()[pri:0, instance:Test.TC002_Login@15f47664]" started-at="2024-08-09T19:23:56 IST" name="launchingBrowser" finished-at="2024-08-09T19:24:08 IST" duration-ms="11876" status="PASS">
          <reporter-output>
          </reporter-output>
        </test-method> <!-- launchingBrowser -->
        <test-method signature="validLogin(java.lang.String,java.lang.String,java.lang.String,java.lang.String)[pri:0, instance:Test.TC002_Login@15f47664]" started-at="2024-08-09T19:24:08 IST" name="validLogin" data-provider="getdata" finished-at="2024-08-09T19:24:22 IST" duration-ms="14520" status="PASS">
          <params>
            <param index="0">
              <value>
                <![CDATA[]]>
              </value>
            </param>
            <param index="1">
              <value>
                <![CDATA[]]>
              </value>
            </param>
            <param index="2">
              <value>
                <![CDATA[Invalid]]>
              </value>
            </param>
            <param index="3">
              <value>
                <![CDATA[Account not verified]]>
              </value>
            </param>
          </params>
          <reporter-output>
          </reporter-output>
        </test-method> <!-- validLogin -->
        <test-method is-config="true" signature="closeBrowser()[pri:0, instance:Test.TC002_Login@15f47664]" started-at="2024-08-09T19:24:22 IST" name="closeBrowser" finished-at="2024-08-09T19:24:22 IST" duration-ms="248" status="PASS">
          <reporter-output>
          </reporter-output>
        </test-method> <!-- closeBrowser -->
        <test-method is-config="true" signature="launchingBrowser()[pri:0, instance:Test.TC002_Login@15f47664]" started-at="2024-08-09T19:24:22 IST" name="launchingBrowser" finished-at="2024-08-09T19:24:34 IST" duration-ms="12070" status="PASS">
          <reporter-output>
          </reporter-output>
        </test-method> <!-- launchingBrowser -->
        <test-method signature="validLogin(java.lang.String,java.lang.String,java.lang.String,java.lang.String)[pri:0, instance:Test.TC002_Login@15f47664]" started-at="2024-08-09T19:24:34 IST" name="validLogin" data-provider="getdata" finished-at="2024-08-09T19:25:01 IST" duration-ms="26036" status="PASS">
          <params>
            <param index="0">
              <value>
                <![CDATA[ghty23457]]>
              </value>
            </param>
            <param index="1">
              <value>
                <![CDATA[1245678]]>
              </value>
            </param>
            <param index="2">
              <value>
                <![CDATA[Invalid]]>
              </value>
            </param>
            <param index="3">
              <value>
                <![CDATA[Account not verified]]>
              </value>
            </param>
          </params>
          <reporter-output>
          </reporter-output>
        </test-method> <!-- validLogin -->
        <test-method is-config="true" signature="closeBrowser()[pri:0, instance:Test.TC002_Login@15f47664]" started-at="2024-08-09T19:25:01 IST" name="closeBrowser" finished-at="2024-08-09T19:25:01 IST" duration-ms="240" status="PASS">
          <reporter-output>
          </reporter-output>
        </test-method> <!-- closeBrowser -->
        <test-method is-config="true" signature="launchingBrowser()[pri:0, instance:Test.TC002_Login@15f47664]" started-at="2024-08-09T19:25:01 IST" name="launchingBrowser" finished-at="2024-08-09T19:25:12 IST" duration-ms="11550" status="PASS">
          <reporter-output>
          </reporter-output>
        </test-method> <!-- launchingBrowser -->
        <test-method signature="validLogin(java.lang.String,java.lang.String,java.lang.String,java.lang.String)[pri:0, instance:Test.TC002_Login@15f47664]" started-at="2024-08-09T19:25:12 IST" name="validLogin" data-provider="getdata" finished-at="2024-08-09T19:25:27 IST" duration-ms="14194" status="PASS">
          <params>
            <param index="0">
              <value>
                <![CDATA[7890&*%^&*]]>
              </value>
            </param>
            <param index="1">
              <value>
                <![CDATA[]]>
              </value>
            </param>
            <param index="2">
              <value>
                <![CDATA[Invalid]]>
              </value>
            </param>
            <param index="3">
              <value>
                <![CDATA[Account not verified]]>
              </value>
            </param>
          </params>
          <reporter-output>
          </reporter-output>
        </test-method> <!-- validLogin -->
        <test-method is-config="true" signature="closeBrowser()[pri:0, instance:Test.TC002_Login@15f47664]" started-at="2024-08-09T19:25:27 IST" name="closeBrowser" finished-at="2024-08-09T19:25:27 IST" duration-ms="160" status="PASS">
          <reporter-output>
          </reporter-output>
        </test-method> <!-- closeBrowser -->
        <test-method is-config="true" signature="launchingBrowser()[pri:0, instance:Test.TC002_Login@15f47664]" started-at="2024-08-09T19:25:27 IST" name="launchingBrowser" finished-at="2024-08-09T19:25:38 IST" duration-ms="10831" status="PASS">
          <reporter-output>
          </reporter-output>
        </test-method> <!-- launchingBrowser -->
        <test-method signature="validLogin(java.lang.String,java.lang.String,java.lang.String,java.lang.String)[pri:0, instance:Test.TC002_Login@15f47664]" started-at="2024-08-09T19:25:38 IST" name="validLogin" data-provider="getdata" finished-at="2024-08-09T19:25:54 IST" duration-ms="16814" status="PASS">
          <params>
            <param index="0">
              <value>
                <![CDATA[]]>
              </value>
            </param>
            <param index="1">
              <value>
                <![CDATA[]]>
              </value>
            </param>
            <param index="2">
              <value>
                <![CDATA[]]>
              </value>
            </param>
            <param index="3">
              <value>
                <![CDATA[]]>
              </value>
            </param>
          </params>
          <reporter-output>
          </reporter-output>
        </test-method> <!-- validLogin -->
        <test-method is-config="true" signature="closeBrowser()[pri:0, instance:Test.TC002_Login@15f47664]" started-at="2024-08-09T19:25:54 IST" name="closeBrowser" finished-at="2024-08-09T19:25:55 IST" duration-ms="221" status="PASS">
          <reporter-output>
          </reporter-output>
        </test-method> <!-- closeBrowser -->
        <test-method is-config="true" signature="launchingBrowser()[pri:0, instance:Test.TC002_Login@15f47664]" started-at="2024-08-09T19:25:55 IST" name="launchingBrowser" finished-at="2024-08-09T19:26:07 IST" duration-ms="12482" status="PASS">
          <reporter-output>
          </reporter-output>
        </test-method> <!-- launchingBrowser -->
        <test-method signature="validLogin(java.lang.String,java.lang.String,java.lang.String,java.lang.String)[pri:0, instance:Test.TC002_Login@15f47664]" started-at="2024-08-09T19:26:07 IST" name="validLogin" data-provider="getdata" finished-at="2024-08-09T19:26:30 IST" duration-ms="22702" status="PASS">
          <params>
            <param index="0">
              <value>
                <![CDATA[]]>
              </value>
            </param>
            <param index="1">
              <value>
                <![CDATA[]]>
              </value>
            </param>
            <param index="2">
              <value>
                <![CDATA[]]>
              </value>
            </param>
            <param index="3">
              <value>
                <![CDATA[]]>
              </value>
            </param>
          </params>
          <reporter-output>
          </reporter-output>
        </test-method> <!-- validLogin -->
        <test-method is-config="true" signature="closeBrowser()[pri:0, instance:Test.TC002_Login@15f47664]" started-at="2024-08-09T19:26:30 IST" name="closeBrowser" finished-at="2024-08-09T19:26:30 IST" duration-ms="231" status="PASS">
          <reporter-output>
          </reporter-output>
        </test-method> <!-- closeBrowser -->
        <test-method is-config="true" signature="launchingBrowser()[pri:0, instance:Test.TC002_Login@15f47664]" started-at="2024-08-09T19:26:30 IST" name="launchingBrowser" finished-at="2024-08-09T19:26:41 IST" duration-ms="11026" status="PASS">
          <reporter-output>
          </reporter-output>
        </test-method> <!-- launchingBrowser -->
        <test-method signature="validLogin(java.lang.String,java.lang.String,java.lang.String,java.lang.String)[pri:0, instance:Test.TC002_Login@15f47664]" started-at="2024-08-09T19:26:41 IST" name="validLogin" data-provider="getdata" finished-at="2024-08-09T19:27:00 IST" duration-ms="18941" status="PASS">
          <params>
            <param index="0">
              <value>
                <![CDATA[]]>
              </value>
            </param>
            <param index="1">
              <value>
                <![CDATA[]]>
              </value>
            </param>
            <param index="2">
              <value>
                <![CDATA[]]>
              </value>
            </param>
            <param index="3">
              <value>
                <![CDATA[]]>
              </value>
            </param>
          </params>
          <reporter-output>
          </reporter-output>
        </test-method> <!-- validLogin -->
        <test-method is-config="true" signature="closeBrowser()[pri:0, instance:Test.TC002_Login@15f47664]" started-at="2024-08-09T19:27:00 IST" name="closeBrowser" finished-at="2024-08-09T19:27:00 IST" duration-ms="222" status="PASS">
          <reporter-output>
          </reporter-output>
        </test-method> <!-- closeBrowser -->
      </class> <!-- Test.TC002_Login -->
      <class name="Test.TC005_Department_Shopping_Test">
        <test-method is-config="true" signature="setup()[pri:0, instance:Test.TC005_Department_Shopping_Test@2f666ebb]" started-at="2024-08-09T18:35:14 IST" name="setup" finished-at="2024-08-09T18:35:14 IST" duration-ms="1" status="PASS">
          <reporter-output>
          </reporter-output>
        </test-method> <!-- setup -->
        <test-method is-config="true" signature="launchingBrowser()[pri:0, instance:Test.TC005_Department_Shopping_Test@2f666ebb]" started-at="2024-08-09T19:28:34 IST" name="launchingBrowser" finished-at="2024-08-09T19:28:46 IST" duration-ms="12059" status="PASS">
          <reporter-output>
          </reporter-output>
        </test-method> <!-- launchingBrowser -->
        <test-method signature="Department_shopping_Validation()[pri:0, instance:Test.TC005_Department_Shopping_Test@2f666ebb]" started-at="2024-08-09T19:28:46 IST" name="Department_shopping_Validation" finished-at="2024-08-09T19:29:20 IST" duration-ms="34083" status="PASS">
          <reporter-output>
          </reporter-output>
        </test-method> <!-- Department_shopping_Validation -->
        <test-method is-config="true" signature="closeBrowser()[pri:0, instance:Test.TC005_Department_Shopping_Test@2f666ebb]" started-at="2024-08-09T19:29:20 IST" name="closeBrowser" finished-at="2024-08-09T19:29:20 IST" duration-ms="277" status="PASS">
          <reporter-output>
          </reporter-output>
        </test-method> <!-- closeBrowser -->
      </class> <!-- Test.TC005_Department_Shopping_Test -->
      <class name="Test.TC003_Bottomlinks">
        <test-method is-config="true" signature="setup()[pri:0, instance:Test.TC003_Bottomlinks@471a9022]" started-at="2024-08-09T18:35:14 IST" name="setup" finished-at="2024-08-09T18:35:14 IST" duration-ms="0" status="PASS">
          <reporter-output>
          </reporter-output>
        </test-method> <!-- setup -->
        <test-method is-config="true" signature="launchingBrowser()[pri:0, instance:Test.TC003_Bottomlinks@471a9022]" started-at="2024-08-09T19:27:00 IST" name="launchingBrowser" finished-at="2024-08-09T19:27:13 IST" duration-ms="12573" status="PASS">
          <reporter-output>
          </reporter-output>
        </test-method> <!-- launchingBrowser -->
        <test-method signature="validBottom_link()[pri:0, instance:Test.TC003_Bottomlinks@471a9022]" started-at="2024-08-09T19:27:13 IST" name="validBottom_link" finished-at="2024-08-09T19:27:49 IST" duration-ms="35906" status="PASS">
          <reporter-output>
          </reporter-output>
        </test-method> <!-- validBottom_link -->
        <test-method is-config="true" signature="closeBrowser()[pri:0, instance:Test.TC003_Bottomlinks@471a9022]" started-at="2024-08-09T19:27:49 IST" name="closeBrowser" finished-at="2024-08-09T19:27:49 IST" duration-ms="237" status="PASS">
          <reporter-output>
          </reporter-output>
        </test-method> <!-- closeBrowser -->
      </class> <!-- Test.TC003_Bottomlinks -->
      <class name="Test.TC001_Signup">
        <test-method is-config="true" signature="setup()[pri:0, instance:Test.TC001_Signup@456d6c1e]" started-at="2024-08-09T18:35:14 IST" name="setup" finished-at="2024-08-09T18:35:14 IST" duration-ms="10" status="PASS">
          <reporter-output>
          </reporter-output>
        </test-method> <!-- setup -->
        <test-method is-config="true" signature="launchingBrowser()[pri:0, instance:Test.TC001_Signup@456d6c1e]" started-at="2024-08-09T18:35:15 IST" name="launchingBrowser" finished-at="2024-08-09T18:35:27 IST" duration-ms="12109" status="PASS">
          <reporter-output>
          </reporter-output>
        </test-method> <!-- launchingBrowser -->
        <test-method signature="validSignup(java.lang.String,java.lang.String,java.lang.String,java.lang.String,java.lang.String,java.lang.String,java.lang.String,java.lang.String,java.lang.String)[pri:0, instance:Test.TC001_Signup@456d6c1e]" started-at="2024-08-09T18:35:27 IST" name="validSignup" data-provider="getdata" finished-at="2024-08-09T18:35:51 IST" duration-ms="24319" status="FAIL">
          <params>
            <param index="0">
              <value>
                <![CDATA[Test]]>
              </value>
            </param>
            <param index="1">
              <value>
                <![CDATA[user]]>
              </value>
            </param>
            <param index="2">
              <value>
                <![CDATA[testuser@gmail.com]]>
              </value>
            </param>
            <param index="3">
              <value>
                <![CDATA[Jenner456@#]]>
              </value>
            </param>
            <param index="4">
              <value>
                <![CDATA[Jenner456@#]]>
              </value>
            </param>
            <param index="5">
              <value>
                <![CDATA[8754645203]]>
              </value>
            </param>
            <param index="6">
              <value>
                <![CDATA[yes]]>
              </value>
            </param>
            <param index="7">
              <value>
                <![CDATA[Valid]]>
              </value>
            </param>
            <param index="8">
              <value>
                <![CDATA[Hi, Test]]>
              </value>
            </param>
          </params>
          <exception class="org.openqa.selenium.NoSuchElementException">
            <message>
              <![CDATA[no such element: Unable to locate element: {"method":"xpath","selector":"//button[normalize-space()='Skip for now']"}
  (Session info: chrome=127.0.6533.100)
For documentation on this error, please visit: https://www.selenium.dev/documentation/webdriver/troubleshooting/errors#no-such-element-exception
Build info: version: '4.21.0', revision: '79ed462ef4'
System info: os.name: 'Windows 11', os.arch: 'amd64', os.version: '10.0', java.version: '22.0.1'
Driver info: org.openqa.selenium.chrome.ChromeDriver
Command: [4476fc90ac71852ae3b1ae32c9150de6, findElement {value=//button[normalize-space()='Skip for now'], using=xpath}]
Capabilities {acceptInsecureCerts: false, browserName: chrome, browserVersion: 127.0.6533.100, chrome: {chromedriverVersion: 127.0.6533.99 (f31af5097d90..., userDataDir: C:\Users\Jenner\AppData\Loc...}, fedcm:accounts: true, goog:chromeOptions: {debuggerAddress: localhost:55127}, networkConnectionEnabled: false, pageLoadStrategy: normal, platformName: windows, proxy: Proxy(), se:cdp: ws://localhost:55127/devtoo..., se:cdpVersion: 127.0.6533.100, setWindowRect: true, strictFileInteractability: false, timeouts: {implicit: 0, pageLoad: 300000, script: 30000}, unhandledPromptBehavior: dismiss and notify, webauthn:extension:credBlob: true, webauthn:extension:largeBlob: true, webauthn:extension:minPinLength: true, webauthn:extension:prf: true, webauthn:virtualAuthenticators: true}
Session ID: 4476fc90ac71852ae3b1ae32c9150de6]]>
            </message>
            <full-stacktrace>
              <![CDATA[org.openqa.selenium.NoSuchElementException: no such element: Unable to locate element: {"method":"xpath","selector":"//button[normalize-space()='Skip for now']"}
  (Session info: chrome=127.0.6533.100)
For documentation on this error, please visit: https://www.selenium.dev/documentation/webdriver/troubleshooting/errors#no-such-element-exception
Build info: version: '4.21.0', revision: '79ed462ef4'
System info: os.name: 'Windows 11', os.arch: 'amd64', os.version: '10.0', java.version: '22.0.1'
Driver info: org.openqa.selenium.chrome.ChromeDriver
Command: [4476fc90ac71852ae3b1ae32c9150de6, findElement {value=//button[normalize-space()='Skip for now'], using=xpath}]
Capabilities {acceptInsecureCerts: false, browserName: chrome, browserVersion: 127.0.6533.100, chrome: {chromedriverVersion: 127.0.6533.99 (f31af5097d90..., userDataDir: C:\Users\Jenner\AppData\Loc...}, fedcm:accounts: true, goog:chromeOptions: {debuggerAddress: localhost:55127}, networkConnectionEnabled: false, pageLoadStrategy: normal, platformName: windows, proxy: Proxy(), se:cdp: ws://localhost:55127/devtoo..., se:cdpVersion: 127.0.6533.100, setWindowRect: true, strictFileInteractability: false, timeouts: {implicit: 0, pageLoad: 300000, script: 30000}, unhandledPromptBehavior: dismiss and notify, webauthn:extension:credBlob: true, webauthn:extension:largeBlob: true, webauthn:extension:minPinLength: true, webauthn:extension:prf: true, webauthn:virtualAuthenticators: true}
Session ID: 4476fc90ac71852ae3b1ae32c9150de6
at java.base/jdk.internal.reflect.DirectConstructorHandleAccessor.newInstance(DirectConstructorHandleAccessor.java:62)
at java.base/java.lang.reflect.Constructor.newInstanceWithCaller(Constructor.java:502)
at java.base/java.lang.reflect.Constructor.newInstance(Constructor.java:486)
at org.openqa.selenium.remote.ErrorCodec.decode(ErrorCodec.java:167)
at org.openqa.selenium.remote.codec.w3c.W3CHttpResponseCodec.decode(W3CHttpResponseCodec.java:138)
at org.openqa.selenium.remote.codec.w3c.W3CHttpResponseCodec.decode(W3CHttpResponseCodec.java:50)
at org.openqa.selenium.remote.HttpCommandExecutor.execute(HttpCommandExecutor.java:190)
at org.openqa.selenium.remote.service.DriverCommandExecutor.invokeExecute(DriverCommandExecutor.java:216)
at org.openqa.selenium.remote.service.DriverCommandExecutor.execute(DriverCommandExecutor.java:174)
at org.openqa.selenium.remote.RemoteWebDriver.execute(RemoteWebDriver.java:518)
at org.openqa.selenium.remote.ElementLocation$ElementFinder$2.findElement(ElementLocation.java:165)
at org.openqa.selenium.remote.ElementLocation.findElement(ElementLocation.java:59)
at org.openqa.selenium.remote.RemoteWebDriver.findElement(RemoteWebDriver.java:355)
at org.openqa.selenium.remote.RemoteWebDriver.findElement(RemoteWebDriver.java:349)
at org.openqa.selenium.support.pagefactory.DefaultElementLocator.findElement(DefaultElementLocator.java:68)
at org.openqa.selenium.support.pagefactory.internal.LocatingElementHandler.invoke(LocatingElementHandler.java:38)
at jdk.proxy2/jdk.proxy2.$Proxy16.click(Unknown Source)
at Utility.Utilityclass.click(Utilityclass.java:98)
at Page.Signup.Signupclick(Signup.java:82)
at Test.TC001_Signup.validSignup(TC001_Signup.java:38)
at java.base/jdk.internal.reflect.DirectMethodHandleAccessor.invoke(DirectMethodHandleAccessor.java:103)
at java.base/java.lang.reflect.Method.invoke(Method.java:580)
at org.testng.internal.invokers.MethodInvocationHelper.invokeMethod(MethodInvocationHelper.java:139)
at org.testng.internal.invokers.TestInvoker.invokeMethod(TestInvoker.java:664)
at org.testng.internal.invokers.TestInvoker.invokeTestMethod(TestInvoker.java:227)
at org.testng.internal.invokers.MethodRunner.runInSequence(MethodRunner.java:50)
at org.testng.internal.invokers.TestInvoker$MethodInvocationAgent.invoke(TestInvoker.java:957)
at org.testng.internal.invokers.TestInvoker.invokeTestMethods(TestInvoker.java:200)
at org.testng.internal.invokers.TestMethodWorker.invokeTestMethods(TestMethodWorker.java:148)
at org.testng.internal.invokers.TestMethodWorker.run(TestMethodWorker.java:128)
at java.base/java.util.ArrayList.forEach(ArrayList.java:1597)
at org.testng.TestRunner.privateRun(TestRunner.java:848)
at org.testng.TestRunner.run(TestRunner.java:621)
at org.testng.SuiteRunner.runTest(SuiteRunner.java:443)
at org.testng.SuiteRunner.runSequentially(SuiteRunner.java:437)
at org.testng.SuiteRunner.privateRun(SuiteRunner.java:397)
at org.testng.SuiteRunner.run(SuiteRunner.java:336)
at org.testng.SuiteRunnerWorker.runSuite(SuiteRunnerWorker.java:52)
at org.testng.SuiteRunnerWorker.run(SuiteRunnerWorker.java:95)
at org.testng.TestNG.runSuitesSequentially(TestNG.java:1280)
at org.testng.TestNG.runSuitesLocally(TestNG.java:1200)
at org.testng.TestNG.runSuites(TestNG.java:1114)
at org.testng.TestNG.run(TestNG.java:1082)
at org.testng.remote.AbstractRemoteTestNG.run(AbstractRemoteTestNG.java:115)
at org.testng.remote.RemoteTestNG.initAndRun(RemoteTestNG.java:293)
at org.testng.remote.RemoteTestNG.main(RemoteTestNG.java:91)
]]>
            </full-stacktrace>
          </exception> <!-- org.openqa.selenium.NoSuchElementException -->
          <reporter-output>
          </reporter-output>
        </test-method> <!-- validSignup -->
        <test-method is-config="true" signature="closeBrowser()[pri:0, instance:Test.TC001_Signup@456d6c1e]" started-at="2024-08-09T18:35:51 IST" name="closeBrowser" finished-at="2024-08-09T18:35:52 IST" duration-ms="264" status="PASS">
          <reporter-output>
          </reporter-output>
        </test-method> <!-- closeBrowser -->
        <test-method is-config="true" signature="launchingBrowser()[pri:0, instance:Test.TC001_Signup@456d6c1e]" started-at="2024-08-09T18:35:52 IST" name="launchingBrowser" finished-at="2024-08-09T18:36:04 IST" duration-ms="12172" status="PASS">
          <reporter-output>
          </reporter-output>
        </test-method> <!-- launchingBrowser -->
        <test-method signature="validSignup(java.lang.String,java.lang.String,java.lang.String,java.lang.String,java.lang.String,java.lang.String,java.lang.String,java.lang.String,java.lang.String)[pri:0, instance:Test.TC001_Signup@456d6c1e]" started-at="2024-08-09T18:36:04 IST" name="validSignup" data-provider="getdata" finished-at="2024-08-09T18:36:33 IST" duration-ms="29423" status="FAIL">
          <params>
            <param index="0">
              <value>
                <![CDATA[Test]]>
              </value>
            </param>
            <param index="1">
              <value>
                <![CDATA[user]]>
              </value>
            </param>
            <param index="2">
              <value>
                <![CDATA[testuser@gmail.com]]>
              </value>
            </param>
            <param index="3">
              <value>
                <![CDATA[Jenner456@#]]>
              </value>
            </param>
            <param index="4">
              <value>
                <![CDATA[Jenner456@#]]>
              </value>
            </param>
            <param index="5">
              <value>
                <![CDATA[]]>
              </value>
            </param>
            <param index="6">
              <value>
                <![CDATA[yes]]>
              </value>
            </param>
            <param index="7">
              <value>
                <![CDATA[in Valid]]>
              </value>
            </param>
            <param index="8">
              <value>
                <![CDATA[Error]]>
              </value>
            </param>
          </params>
          <exception class="org.openqa.selenium.NoSuchElementException">
            <message>
              <![CDATA[no such element: Unable to locate element: {"method":"xpath","selector":"//button[normalize-space()='Skip for now']"}
  (Session info: chrome=127.0.6533.100)
For documentation on this error, please visit: https://www.selenium.dev/documentation/webdriver/troubleshooting/errors#no-such-element-exception
Build info: version: '4.21.0', revision: '79ed462ef4'
System info: os.name: 'Windows 11', os.arch: 'amd64', os.version: '10.0', java.version: '22.0.1'
Driver info: org.openqa.selenium.chrome.ChromeDriver
Command: [47d19607c7242c9a269e26bd117c4e14, findElement {value=//button[normalize-space()='Skip for now'], using=xpath}]
Capabilities {acceptInsecureCerts: false, browserName: chrome, browserVersion: 127.0.6533.100, chrome: {chromedriverVersion: 127.0.6533.99 (f31af5097d90..., userDataDir: C:\Users\Jenner\AppData\Loc...}, fedcm:accounts: true, goog:chromeOptions: {debuggerAddress: localhost:55289}, networkConnectionEnabled: false, pageLoadStrategy: normal, platformName: windows, proxy: Proxy(), se:cdp: ws://localhost:55289/devtoo..., se:cdpVersion: 127.0.6533.100, setWindowRect: true, strictFileInteractability: false, timeouts: {implicit: 0, pageLoad: 300000, script: 30000}, unhandledPromptBehavior: dismiss and notify, webauthn:extension:credBlob: true, webauthn:extension:largeBlob: true, webauthn:extension:minPinLength: true, webauthn:extension:prf: true, webauthn:virtualAuthenticators: true}
Session ID: 47d19607c7242c9a269e26bd117c4e14]]>
            </message>
            <full-stacktrace>
              <![CDATA[org.openqa.selenium.NoSuchElementException: no such element: Unable to locate element: {"method":"xpath","selector":"//button[normalize-space()='Skip for now']"}
  (Session info: chrome=127.0.6533.100)
For documentation on this error, please visit: https://www.selenium.dev/documentation/webdriver/troubleshooting/errors#no-such-element-exception
Build info: version: '4.21.0', revision: '79ed462ef4'
System info: os.name: 'Windows 11', os.arch: 'amd64', os.version: '10.0', java.version: '22.0.1'
Driver info: org.openqa.selenium.chrome.ChromeDriver
Command: [47d19607c7242c9a269e26bd117c4e14, findElement {value=//button[normalize-space()='Skip for now'], using=xpath}]
Capabilities {acceptInsecureCerts: false, browserName: chrome, browserVersion: 127.0.6533.100, chrome: {chromedriverVersion: 127.0.6533.99 (f31af5097d90..., userDataDir: C:\Users\Jenner\AppData\Loc...}, fedcm:accounts: true, goog:chromeOptions: {debuggerAddress: localhost:55289}, networkConnectionEnabled: false, pageLoadStrategy: normal, platformName: windows, proxy: Proxy(), se:cdp: ws://localhost:55289/devtoo..., se:cdpVersion: 127.0.6533.100, setWindowRect: true, strictFileInteractability: false, timeouts: {implicit: 0, pageLoad: 300000, script: 30000}, unhandledPromptBehavior: dismiss and notify, webauthn:extension:credBlob: true, webauthn:extension:largeBlob: true, webauthn:extension:minPinLength: true, webauthn:extension:prf: true, webauthn:virtualAuthenticators: true}
Session ID: 47d19607c7242c9a269e26bd117c4e14
at java.base/jdk.internal.reflect.DirectConstructorHandleAccessor.newInstance(DirectConstructorHandleAccessor.java:62)
at java.base/java.lang.reflect.Constructor.newInstanceWithCaller(Constructor.java:502)
at java.base/java.lang.reflect.Constructor.newInstance(Constructor.java:486)
at org.openqa.selenium.remote.ErrorCodec.decode(ErrorCodec.java:167)
at org.openqa.selenium.remote.codec.w3c.W3CHttpResponseCodec.decode(W3CHttpResponseCodec.java:138)
at org.openqa.selenium.remote.codec.w3c.W3CHttpResponseCodec.decode(W3CHttpResponseCodec.java:50)
at org.openqa.selenium.remote.HttpCommandExecutor.execute(HttpCommandExecutor.java:190)
at org.openqa.selenium.remote.service.DriverCommandExecutor.invokeExecute(DriverCommandExecutor.java:216)
at org.openqa.selenium.remote.service.DriverCommandExecutor.execute(DriverCommandExecutor.java:174)
at org.openqa.selenium.remote.RemoteWebDriver.execute(RemoteWebDriver.java:518)
at org.openqa.selenium.remote.ElementLocation$ElementFinder$2.findElement(ElementLocation.java:165)
at org.openqa.selenium.remote.ElementLocation.findElement(ElementLocation.java:59)
at org.openqa.selenium.remote.RemoteWebDriver.findElement(RemoteWebDriver.java:355)
at org.openqa.selenium.remote.RemoteWebDriver.findElement(RemoteWebDriver.java:349)
at org.openqa.selenium.support.pagefactory.DefaultElementLocator.findElement(DefaultElementLocator.java:68)
at org.openqa.selenium.support.pagefactory.internal.LocatingElementHandler.invoke(LocatingElementHandler.java:38)
at jdk.proxy2/jdk.proxy2.$Proxy16.click(Unknown Source)
at Utility.Utilityclass.click(Utilityclass.java:98)
at Page.Signup.Signupclick(Signup.java:82)
at Test.TC001_Signup.validSignup(TC001_Signup.java:38)
at java.base/jdk.internal.reflect.DirectMethodHandleAccessor.invoke(DirectMethodHandleAccessor.java:103)
at java.base/java.lang.reflect.Method.invoke(Method.java:580)
at org.testng.internal.invokers.MethodInvocationHelper.invokeMethod(MethodInvocationHelper.java:139)
at org.testng.internal.invokers.TestInvoker.invokeMethod(TestInvoker.java:664)
at org.testng.internal.invokers.TestInvoker.invokeTestMethod(TestInvoker.java:227)
at org.testng.internal.invokers.MethodRunner.runInSequence(MethodRunner.java:50)
at org.testng.internal.invokers.TestInvoker$MethodInvocationAgent.invoke(TestInvoker.java:957)
at org.testng.internal.invokers.TestInvoker.invokeTestMethods(TestInvoker.java:200)
at org.testng.internal.invokers.TestMethodWorker.invokeTestMethods(TestMethodWorker.java:148)
at org.testng.internal.invokers.TestMethodWorker.run(TestMethodWorker.java:128)
at java.base/java.util.ArrayList.forEach(ArrayList.java:1597)
at org.testng.TestRunner.privateRun(TestRunner.java:848)
at org.testng.TestRunner.run(TestRunner.java:621)
at org.testng.SuiteRunner.runTest(SuiteRunner.java:443)
at org.testng.SuiteRunner.runSequentially(SuiteRunner.java:437)
at org.testng.SuiteRunner.privateRun(SuiteRunner.java:397)
at org.testng.SuiteRunner.run(SuiteRunner.java:336)
at org.testng.SuiteRunnerWorker.runSuite(SuiteRunnerWorker.java:52)
at org.testng.SuiteRunnerWorker.run(SuiteRunnerWorker.java:95)
at org.testng.TestNG.runSuitesSequentially(TestNG.java:1280)
at org.testng.TestNG.runSuitesLocally(TestNG.java:1200)
at org.testng.TestNG.runSuites(TestNG.java:1114)
at org.testng.TestNG.run(TestNG.java:1082)
at org.testng.remote.AbstractRemoteTestNG.run(AbstractRemoteTestNG.java:115)
at org.testng.remote.RemoteTestNG.initAndRun(RemoteTestNG.java:293)
at org.testng.remote.RemoteTestNG.main(RemoteTestNG.java:91)
]]>
            </full-stacktrace>
          </exception> <!-- org.openqa.selenium.NoSuchElementException -->
          <reporter-output>
          </reporter-output>
        </test-method> <!-- validSignup -->
        <test-method is-config="true" signature="closeBrowser()[pri:0, instance:Test.TC001_Signup@456d6c1e]" started-at="2024-08-09T18:36:33 IST" name="closeBrowser" finished-at="2024-08-09T18:36:34 IST" duration-ms="194" status="PASS">
          <reporter-output>
          </reporter-output>
        </test-method> <!-- closeBrowser -->
        <test-method is-config="true" signature="launchingBrowser()[pri:0, instance:Test.TC001_Signup@456d6c1e]" started-at="2024-08-09T18:36:34 IST" name="launchingBrowser" finished-at="2024-08-09T18:36:46 IST" duration-ms="12570" status="PASS">
          <reporter-output>
          </reporter-output>
        </test-method> <!-- launchingBrowser -->
        <test-method signature="validSignup(java.lang.String,java.lang.String,java.lang.String,java.lang.String,java.lang.String,java.lang.String,java.lang.String,java.lang.String,java.lang.String)[pri:0, instance:Test.TC001_Signup@456d6c1e]" started-at="2024-08-09T18:36:46 IST" name="validSignup" data-provider="getdata" finished-at="2024-08-09T18:37:23 IST" duration-ms="37026" status="FAIL">
          <params>
            <param index="0">
              <value>
                <![CDATA[Test]]>
              </value>
            </param>
            <param index="1">
              <value>
                <![CDATA[user]]>
              </value>
            </param>
            <param index="2">
              <value>
                <![CDATA[testuser@gmail.com]]>
              </value>
            </param>
            <param index="3">
              <value>
                <![CDATA[Jenner456@#]]>
              </value>
            </param>
            <param index="4">
              <value>
                <![CDATA[null]]>
              </value>
            </param>
            <param index="5">
              <value>
                <![CDATA[8754645203]]>
              </value>
            </param>
            <param index="6">
              <value>
                <![CDATA[yes]]>
              </value>
            </param>
            <param index="7">
              <value>
                <![CDATA[in Valid]]>
              </value>
            </param>
            <param index="8">
              <value>
                <![CDATA[Error]]>
              </value>
            </param>
          </params>
          <exception class="org.openqa.selenium.NoSuchElementException">
            <message>
              <![CDATA[no such element: Unable to locate element: {"method":"xpath","selector":"//button[normalize-space()='Skip for now']"}
  (Session info: chrome=127.0.6533.100)
For documentation on this error, please visit: https://www.selenium.dev/documentation/webdriver/troubleshooting/errors#no-such-element-exception
Build info: version: '4.21.0', revision: '79ed462ef4'
System info: os.name: 'Windows 11', os.arch: 'amd64', os.version: '10.0', java.version: '22.0.1'
Driver info: org.openqa.selenium.chrome.ChromeDriver
Command: [3d1035ea499edc9cc88dcd6e94827cd5, findElement {value=//button[normalize-space()='Skip for now'], using=xpath}]
Capabilities {acceptInsecureCerts: false, browserName: chrome, browserVersion: 127.0.6533.100, chrome: {chromedriverVersion: 127.0.6533.99 (f31af5097d90..., userDataDir: C:\Users\Jenner\AppData\Loc...}, fedcm:accounts: true, goog:chromeOptions: {debuggerAddress: localhost:55445}, networkConnectionEnabled: false, pageLoadStrategy: normal, platformName: windows, proxy: Proxy(), se:cdp: ws://localhost:55445/devtoo..., se:cdpVersion: 127.0.6533.100, setWindowRect: true, strictFileInteractability: false, timeouts: {implicit: 0, pageLoad: 300000, script: 30000}, unhandledPromptBehavior: dismiss and notify, webauthn:extension:credBlob: true, webauthn:extension:largeBlob: true, webauthn:extension:minPinLength: true, webauthn:extension:prf: true, webauthn:virtualAuthenticators: true}
Session ID: 3d1035ea499edc9cc88dcd6e94827cd5]]>
            </message>
            <full-stacktrace>
              <![CDATA[org.openqa.selenium.NoSuchElementException: no such element: Unable to locate element: {"method":"xpath","selector":"//button[normalize-space()='Skip for now']"}
  (Session info: chrome=127.0.6533.100)
For documentation on this error, please visit: https://www.selenium.dev/documentation/webdriver/troubleshooting/errors#no-such-element-exception
Build info: version: '4.21.0', revision: '79ed462ef4'
System info: os.name: 'Windows 11', os.arch: 'amd64', os.version: '10.0', java.version: '22.0.1'
Driver info: org.openqa.selenium.chrome.ChromeDriver
Command: [3d1035ea499edc9cc88dcd6e94827cd5, findElement {value=//button[normalize-space()='Skip for now'], using=xpath}]
Capabilities {acceptInsecureCerts: false, browserName: chrome, browserVersion: 127.0.6533.100, chrome: {chromedriverVersion: 127.0.6533.99 (f31af5097d90..., userDataDir: C:\Users\Jenner\AppData\Loc...}, fedcm:accounts: true, goog:chromeOptions: {debuggerAddress: localhost:55445}, networkConnectionEnabled: false, pageLoadStrategy: normal, platformName: windows, proxy: Proxy(), se:cdp: ws://localhost:55445/devtoo..., se:cdpVersion: 127.0.6533.100, setWindowRect: true, strictFileInteractability: false, timeouts: {implicit: 0, pageLoad: 300000, script: 30000}, unhandledPromptBehavior: dismiss and notify, webauthn:extension:credBlob: true, webauthn:extension:largeBlob: true, webauthn:extension:minPinLength: true, webauthn:extension:prf: true, webauthn:virtualAuthenticators: true}
Session ID: 3d1035ea499edc9cc88dcd6e94827cd5
at java.base/jdk.internal.reflect.DirectConstructorHandleAccessor.newInstance(DirectConstructorHandleAccessor.java:62)
at java.base/java.lang.reflect.Constructor.newInstanceWithCaller(Constructor.java:502)
at java.base/java.lang.reflect.Constructor.newInstance(Constructor.java:486)
at org.openqa.selenium.remote.ErrorCodec.decode(ErrorCodec.java:167)
at org.openqa.selenium.remote.codec.w3c.W3CHttpResponseCodec.decode(W3CHttpResponseCodec.java:138)
at org.openqa.selenium.remote.codec.w3c.W3CHttpResponseCodec.decode(W3CHttpResponseCodec.java:50)
at org.openqa.selenium.remote.HttpCommandExecutor.execute(HttpCommandExecutor.java:190)
at org.openqa.selenium.remote.service.DriverCommandExecutor.invokeExecute(DriverCommandExecutor.java:216)
at org.openqa.selenium.remote.service.DriverCommandExecutor.execute(DriverCommandExecutor.java:174)
at org.openqa.selenium.remote.RemoteWebDriver.execute(RemoteWebDriver.java:518)
at org.openqa.selenium.remote.ElementLocation$ElementFinder$2.findElement(ElementLocation.java:165)
at org.openqa.selenium.remote.ElementLocation.findElement(ElementLocation.java:59)
at org.openqa.selenium.remote.RemoteWebDriver.findElement(RemoteWebDriver.java:355)
at org.openqa.selenium.remote.RemoteWebDriver.findElement(RemoteWebDriver.java:349)
at org.openqa.selenium.support.pagefactory.DefaultElementLocator.findElement(DefaultElementLocator.java:68)
at org.openqa.selenium.support.pagefactory.internal.LocatingElementHandler.invoke(LocatingElementHandler.java:38)
at jdk.proxy2/jdk.proxy2.$Proxy16.click(Unknown Source)
at Utility.Utilityclass.click(Utilityclass.java:98)
at Page.Signup.Signupclick(Signup.java:82)
at Test.TC001_Signup.validSignup(TC001_Signup.java:38)
at java.base/jdk.internal.reflect.DirectMethodHandleAccessor.invoke(DirectMethodHandleAccessor.java:103)
at java.base/java.lang.reflect.Method.invoke(Method.java:580)
at org.testng.internal.invokers.MethodInvocationHelper.invokeMethod(MethodInvocationHelper.java:139)
at org.testng.internal.invokers.TestInvoker.invokeMethod(TestInvoker.java:664)
at org.testng.internal.invokers.TestInvoker.invokeTestMethod(TestInvoker.java:227)
at org.testng.internal.invokers.MethodRunner.runInSequence(MethodRunner.java:50)
at org.testng.internal.invokers.TestInvoker$MethodInvocationAgent.invoke(TestInvoker.java:957)
at org.testng.internal.invokers.TestInvoker.invokeTestMethods(TestInvoker.java:200)
at org.testng.internal.invokers.TestMethodWorker.invokeTestMethods(TestMethodWorker.java:148)
at org.testng.internal.invokers.TestMethodWorker.run(TestMethodWorker.java:128)
at java.base/java.util.ArrayList.forEach(ArrayList.java:1597)
at org.testng.TestRunner.privateRun(TestRunner.java:848)
at org.testng.TestRunner.run(TestRunner.java:621)
at org.testng.SuiteRunner.runTest(SuiteRunner.java:443)
at org.testng.SuiteRunner.runSequentially(SuiteRunner.java:437)
at org.testng.SuiteRunner.privateRun(SuiteRunner.java:397)
at org.testng.SuiteRunner.run(SuiteRunner.java:336)
at org.testng.SuiteRunnerWorker.runSuite(SuiteRunnerWorker.java:52)
at org.testng.SuiteRunnerWorker.run(SuiteRunnerWorker.java:95)
at org.testng.TestNG.runSuitesSequentially(TestNG.java:1280)
at org.testng.TestNG.runSuitesLocally(TestNG.java:1200)
at org.testng.TestNG.runSuites(TestNG.java:1114)
at org.testng.TestNG.run(TestNG.java:1082)
at org.testng.remote.AbstractRemoteTestNG.run(AbstractRemoteTestNG.java:115)
at org.testng.remote.RemoteTestNG.initAndRun(RemoteTestNG.java:293)
at org.testng.remote.RemoteTestNG.main(RemoteTestNG.java:91)
]]>
            </full-stacktrace>
          </exception> <!-- org.openqa.selenium.NoSuchElementException -->
          <reporter-output>
          </reporter-output>
        </test-method> <!-- validSignup -->
        <test-method is-config="true" signature="closeBrowser()[pri:0, instance:Test.TC001_Signup@456d6c1e]" started-at="2024-08-09T18:37:23 IST" name="closeBrowser" finished-at="2024-08-09T18:37:24 IST" duration-ms="251" status="PASS">
          <reporter-output>
          </reporter-output>
        </test-method> <!-- closeBrowser -->
        <test-method is-config="true" signature="launchingBrowser()[pri:0, instance:Test.TC001_Signup@456d6c1e]" started-at="2024-08-09T18:37:24 IST" name="launchingBrowser" finished-at="2024-08-09T18:37:36 IST" duration-ms="12557" status="PASS">
          <reporter-output>
          </reporter-output>
        </test-method> <!-- launchingBrowser -->
        <test-method signature="validSignup(java.lang.String,java.lang.String,java.lang.String,java.lang.String,java.lang.String,java.lang.String,java.lang.String,java.lang.String,java.lang.String)[pri:0, instance:Test.TC001_Signup@456d6c1e]" started-at="2024-08-09T18:37:36 IST" name="validSignup" data-provider="getdata" finished-at="2024-08-09T18:38:07 IST" duration-ms="30508" status="FAIL">
          <params>
            <param index="0">
              <value>
                <![CDATA[Test]]>
              </value>
            </param>
            <param index="1">
              <value>
                <![CDATA[user]]>
              </value>
            </param>
            <param index="2">
              <value>
                <![CDATA[testuser@gmail.com]]>
              </value>
            </param>
            <param index="3">
              <value>
                <![CDATA[Jenner456@#]]>
              </value>
            </param>
            <param index="4">
              <value>
                <![CDATA[null]]>
              </value>
            </param>
            <param index="5">
              <value>
                <![CDATA[]]>
              </value>
            </param>
            <param index="6">
              <value>
                <![CDATA[yes]]>
              </value>
            </param>
            <param index="7">
              <value>
                <![CDATA[in Valid]]>
              </value>
            </param>
            <param index="8">
              <value>
                <![CDATA[Error]]>
              </value>
            </param>
          </params>
          <exception class="org.openqa.selenium.NoSuchElementException">
            <message>
              <![CDATA[no such element: Unable to locate element: {"method":"xpath","selector":"//button[normalize-space()='Skip for now']"}
  (Session info: chrome=127.0.6533.100)
For documentation on this error, please visit: https://www.selenium.dev/documentation/webdriver/troubleshooting/errors#no-such-element-exception
Build info: version: '4.21.0', revision: '79ed462ef4'
System info: os.name: 'Windows 11', os.arch: 'amd64', os.version: '10.0', java.version: '22.0.1'
Driver info: org.openqa.selenium.chrome.ChromeDriver
Command: [6138c4cd795bf9f3e24fb70a5ad7bb84, findElement {value=//button[normalize-space()='Skip for now'], using=xpath}]
Capabilities {acceptInsecureCerts: false, browserName: chrome, browserVersion: 127.0.6533.100, chrome: {chromedriverVersion: 127.0.6533.99 (f31af5097d90..., userDataDir: C:\Users\Jenner\AppData\Loc...}, fedcm:accounts: true, goog:chromeOptions: {debuggerAddress: localhost:55785}, networkConnectionEnabled: false, pageLoadStrategy: normal, platformName: windows, proxy: Proxy(), se:cdp: ws://localhost:55785/devtoo..., se:cdpVersion: 127.0.6533.100, setWindowRect: true, strictFileInteractability: false, timeouts: {implicit: 0, pageLoad: 300000, script: 30000}, unhandledPromptBehavior: dismiss and notify, webauthn:extension:credBlob: true, webauthn:extension:largeBlob: true, webauthn:extension:minPinLength: true, webauthn:extension:prf: true, webauthn:virtualAuthenticators: true}
Session ID: 6138c4cd795bf9f3e24fb70a5ad7bb84]]>
            </message>
            <full-stacktrace>
              <![CDATA[org.openqa.selenium.NoSuchElementException: no such element: Unable to locate element: {"method":"xpath","selector":"//button[normalize-space()='Skip for now']"}
  (Session info: chrome=127.0.6533.100)
For documentation on this error, please visit: https://www.selenium.dev/documentation/webdriver/troubleshooting/errors#no-such-element-exception
Build info: version: '4.21.0', revision: '79ed462ef4'
System info: os.name: 'Windows 11', os.arch: 'amd64', os.version: '10.0', java.version: '22.0.1'
Driver info: org.openqa.selenium.chrome.ChromeDriver
Command: [6138c4cd795bf9f3e24fb70a5ad7bb84, findElement {value=//button[normalize-space()='Skip for now'], using=xpath}]
Capabilities {acceptInsecureCerts: false, browserName: chrome, browserVersion: 127.0.6533.100, chrome: {chromedriverVersion: 127.0.6533.99 (f31af5097d90..., userDataDir: C:\Users\Jenner\AppData\Loc...}, fedcm:accounts: true, goog:chromeOptions: {debuggerAddress: localhost:55785}, networkConnectionEnabled: false, pageLoadStrategy: normal, platformName: windows, proxy: Proxy(), se:cdp: ws://localhost:55785/devtoo..., se:cdpVersion: 127.0.6533.100, setWindowRect: true, strictFileInteractability: false, timeouts: {implicit: 0, pageLoad: 300000, script: 30000}, unhandledPromptBehavior: dismiss and notify, webauthn:extension:credBlob: true, webauthn:extension:largeBlob: true, webauthn:extension:minPinLength: true, webauthn:extension:prf: true, webauthn:virtualAuthenticators: true}
Session ID: 6138c4cd795bf9f3e24fb70a5ad7bb84
at java.base/jdk.internal.reflect.DirectConstructorHandleAccessor.newInstance(DirectConstructorHandleAccessor.java:62)
at java.base/java.lang.reflect.Constructor.newInstanceWithCaller(Constructor.java:502)
at java.base/java.lang.reflect.Constructor.newInstance(Constructor.java:486)
at org.openqa.selenium.remote.ErrorCodec.decode(ErrorCodec.java:167)
at org.openqa.selenium.remote.codec.w3c.W3CHttpResponseCodec.decode(W3CHttpResponseCodec.java:138)
at org.openqa.selenium.remote.codec.w3c.W3CHttpResponseCodec.decode(W3CHttpResponseCodec.java:50)
at org.openqa.selenium.remote.HttpCommandExecutor.execute(HttpCommandExecutor.java:190)
at org.openqa.selenium.remote.service.DriverCommandExecutor.invokeExecute(DriverCommandExecutor.java:216)
at org.openqa.selenium.remote.service.DriverCommandExecutor.execute(DriverCommandExecutor.java:174)
at org.openqa.selenium.remote.RemoteWebDriver.execute(RemoteWebDriver.java:518)
at org.openqa.selenium.remote.ElementLocation$ElementFinder$2.findElement(ElementLocation.java:165)
at org.openqa.selenium.remote.ElementLocation.findElement(ElementLocation.java:59)
at org.openqa.selenium.remote.RemoteWebDriver.findElement(RemoteWebDriver.java:355)
at org.openqa.selenium.remote.RemoteWebDriver.findElement(RemoteWebDriver.java:349)
at org.openqa.selenium.support.pagefactory.DefaultElementLocator.findElement(DefaultElementLocator.java:68)
at org.openqa.selenium.support.pagefactory.internal.LocatingElementHandler.invoke(LocatingElementHandler.java:38)
at jdk.proxy2/jdk.proxy2.$Proxy16.click(Unknown Source)
at Utility.Utilityclass.click(Utilityclass.java:98)
at Page.Signup.Signupclick(Signup.java:82)
at Test.TC001_Signup.validSignup(TC001_Signup.java:38)
at java.base/jdk.internal.reflect.DirectMethodHandleAccessor.invoke(DirectMethodHandleAccessor.java:103)
at java.base/java.lang.reflect.Method.invoke(Method.java:580)
at org.testng.internal.invokers.MethodInvocationHelper.invokeMethod(MethodInvocationHelper.java:139)
at org.testng.internal.invokers.TestInvoker.invokeMethod(TestInvoker.java:664)
at org.testng.internal.invokers.TestInvoker.invokeTestMethod(TestInvoker.java:227)
at org.testng.internal.invokers.MethodRunner.runInSequence(MethodRunner.java:50)
at org.testng.internal.invokers.TestInvoker$MethodInvocationAgent.invoke(TestInvoker.java:957)
at org.testng.internal.invokers.TestInvoker.invokeTestMethods(TestInvoker.java:200)
at org.testng.internal.invokers.TestMethodWorker.invokeTestMethods(TestMethodWorker.java:148)
at org.testng.internal.invokers.TestMethodWorker.run(TestMethodWorker.java:128)
at java.base/java.util.ArrayList.forEach(ArrayList.java:1597)
at org.testng.TestRunner.privateRun(TestRunner.java:848)
at org.testng.TestRunner.run(TestRunner.java:621)
at org.testng.SuiteRunner.runTest(SuiteRunner.java:443)
at org.testng.SuiteRunner.runSequentially(SuiteRunner.java:437)
at org.testng.SuiteRunner.privateRun(SuiteRunner.java:397)
at org.testng.SuiteRunner.run(SuiteRunner.java:336)
at org.testng.SuiteRunnerWorker.runSuite(SuiteRunnerWorker.java:52)
at org.testng.SuiteRunnerWorker.run(SuiteRunnerWorker.java:95)
at org.testng.TestNG.runSuitesSequentially(TestNG.java:1280)
at org.testng.TestNG.runSuitesLocally(TestNG.java:1200)
at org.testng.TestNG.runSuites(TestNG.java:1114)
at org.testng.TestNG.run(TestNG.java:1082)
at org.testng.remote.AbstractRemoteTestNG.run(AbstractRemoteTestNG.java:115)
at org.testng.remote.RemoteTestNG.initAndRun(RemoteTestNG.java:293)
at org.testng.remote.RemoteTestNG.main(RemoteTestNG.java:91)
]]>
            </full-stacktrace>
          </exception> <!-- org.openqa.selenium.NoSuchElementException -->
          <reporter-output>
          </reporter-output>
        </test-method> <!-- validSignup -->
        <test-method is-config="true" signature="closeBrowser()[pri:0, instance:Test.TC001_Signup@456d6c1e]" started-at="2024-08-09T18:38:07 IST" name="closeBrowser" finished-at="2024-08-09T18:38:07 IST" duration-ms="234" status="PASS">
          <reporter-output>
          </reporter-output>
        </test-method> <!-- closeBrowser -->
        <test-method is-config="true" signature="launchingBrowser()[pri:0, instance:Test.TC001_Signup@456d6c1e]" started-at="2024-08-09T18:38:07 IST" name="launchingBrowser" finished-at="2024-08-09T18:38:20 IST" duration-ms="12383" status="PASS">
          <reporter-output>
          </reporter-output>
        </test-method> <!-- launchingBrowser -->
        <test-method signature="validSignup(java.lang.String,java.lang.String,java.lang.String,java.lang.String,java.lang.String,java.lang.String,java.lang.String,java.lang.String,java.lang.String)[pri:0, instance:Test.TC001_Signup@456d6c1e]" started-at="2024-08-09T18:38:20 IST" name="validSignup" data-provider="getdata" finished-at="2024-08-09T18:39:00 IST" duration-ms="40354" status="FAIL">
          <params>
            <param index="0">
              <value>
                <![CDATA[Test]]>
              </value>
            </param>
            <param index="1">
              <value>
                <![CDATA[user]]>
              </value>
            </param>
            <param index="2">
              <value>
                <![CDATA[testuser@gmail.com]]>
              </value>
            </param>
            <param index="3">
              <value>
                <![CDATA[null]]>
              </value>
            </param>
            <param index="4">
              <value>
                <![CDATA[Jenner456@#]]>
              </value>
            </param>
            <param index="5">
              <value>
                <![CDATA[8754645203]]>
              </value>
            </param>
            <param index="6">
              <value>
                <![CDATA[yes]]>
              </value>
            </param>
            <param index="7">
              <value>
                <![CDATA[in Valid]]>
              </value>
            </param>
            <param index="8">
              <value>
                <![CDATA[Error]]>
              </value>
            </param>
          </params>
          <exception class="org.openqa.selenium.NoSuchElementException">
            <message>
              <![CDATA[no such element: Unable to locate element: {"method":"xpath","selector":"//a[contains(@class, 'create-account-btn')]"}
  (Session info: chrome=127.0.6533.100)
For documentation on this error, please visit: https://www.selenium.dev/documentation/webdriver/troubleshooting/errors#no-such-element-exception
Build info: version: '4.21.0', revision: '79ed462ef4'
System info: os.name: 'Windows 11', os.arch: 'amd64', os.version: '10.0', java.version: '22.0.1'
Driver info: org.openqa.selenium.chrome.ChromeDriver
Command: [af3e5cc15e588a9378fe224b79855168, findElement {value=//a[contains(@class, 'create-account-btn')], using=xpath}]
Capabilities {acceptInsecureCerts: false, browserName: chrome, browserVersion: 127.0.6533.100, chrome: {chromedriverVersion: 127.0.6533.99 (f31af5097d90..., userDataDir: C:\Users\Jenner\AppData\Loc...}, fedcm:accounts: true, goog:chromeOptions: {debuggerAddress: localhost:56139}, networkConnectionEnabled: false, pageLoadStrategy: normal, platformName: windows, proxy: Proxy(), se:cdp: ws://localhost:56139/devtoo..., se:cdpVersion: 127.0.6533.100, setWindowRect: true, strictFileInteractability: false, timeouts: {implicit: 0, pageLoad: 300000, script: 30000}, unhandledPromptBehavior: dismiss and notify, webauthn:extension:credBlob: true, webauthn:extension:largeBlob: true, webauthn:extension:minPinLength: true, webauthn:extension:prf: true, webauthn:virtualAuthenticators: true}
Session ID: af3e5cc15e588a9378fe224b79855168]]>
            </message>
            <full-stacktrace>
              <![CDATA[org.openqa.selenium.NoSuchElementException: no such element: Unable to locate element: {"method":"xpath","selector":"//a[contains(@class, 'create-account-btn')]"}
  (Session info: chrome=127.0.6533.100)
For documentation on this error, please visit: https://www.selenium.dev/documentation/webdriver/troubleshooting/errors#no-such-element-exception
Build info: version: '4.21.0', revision: '79ed462ef4'
System info: os.name: 'Windows 11', os.arch: 'amd64', os.version: '10.0', java.version: '22.0.1'
Driver info: org.openqa.selenium.chrome.ChromeDriver
Command: [af3e5cc15e588a9378fe224b79855168, findElement {value=//a[contains(@class, 'create-account-btn')], using=xpath}]
Capabilities {acceptInsecureCerts: false, browserName: chrome, browserVersion: 127.0.6533.100, chrome: {chromedriverVersion: 127.0.6533.99 (f31af5097d90..., userDataDir: C:\Users\Jenner\AppData\Loc...}, fedcm:accounts: true, goog:chromeOptions: {debuggerAddress: localhost:56139}, networkConnectionEnabled: false, pageLoadStrategy: normal, platformName: windows, proxy: Proxy(), se:cdp: ws://localhost:56139/devtoo..., se:cdpVersion: 127.0.6533.100, setWindowRect: true, strictFileInteractability: false, timeouts: {implicit: 0, pageLoad: 300000, script: 30000}, unhandledPromptBehavior: dismiss and notify, webauthn:extension:credBlob: true, webauthn:extension:largeBlob: true, webauthn:extension:minPinLength: true, webauthn:extension:prf: true, webauthn:virtualAuthenticators: true}
Session ID: af3e5cc15e588a9378fe224b79855168
at java.base/jdk.internal.reflect.DirectConstructorHandleAccessor.newInstance(DirectConstructorHandleAccessor.java:62)
at java.base/java.lang.reflect.Constructor.newInstanceWithCaller(Constructor.java:502)
at java.base/java.lang.reflect.Constructor.newInstance(Constructor.java:486)
at org.openqa.selenium.remote.ErrorCodec.decode(ErrorCodec.java:167)
at org.openqa.selenium.remote.codec.w3c.W3CHttpResponseCodec.decode(W3CHttpResponseCodec.java:138)
at org.openqa.selenium.remote.codec.w3c.W3CHttpResponseCodec.decode(W3CHttpResponseCodec.java:50)
at org.openqa.selenium.remote.HttpCommandExecutor.execute(HttpCommandExecutor.java:190)
at org.openqa.selenium.remote.service.DriverCommandExecutor.invokeExecute(DriverCommandExecutor.java:216)
at org.openqa.selenium.remote.service.DriverCommandExecutor.execute(DriverCommandExecutor.java:174)
at org.openqa.selenium.remote.RemoteWebDriver.execute(RemoteWebDriver.java:518)
at org.openqa.selenium.remote.ElementLocation$ElementFinder$2.findElement(ElementLocation.java:165)
at org.openqa.selenium.remote.ElementLocation.findElement(ElementLocation.java:59)
at org.openqa.selenium.remote.RemoteWebDriver.findElement(RemoteWebDriver.java:355)
at org.openqa.selenium.remote.RemoteWebDriver.findElement(RemoteWebDriver.java:349)
at Page.Signup.clickCreateaccount(Signup.java:36)
at Test.TC001_Signup.validSignup(TC001_Signup.java:30)
at java.base/jdk.internal.reflect.DirectMethodHandleAccessor.invoke(DirectMethodHandleAccessor.java:103)
at java.base/java.lang.reflect.Method.invoke(Method.java:580)
at org.testng.internal.invokers.MethodInvocationHelper.invokeMethod(MethodInvocationHelper.java:139)
at org.testng.internal.invokers.TestInvoker.invokeMethod(TestInvoker.java:664)
at org.testng.internal.invokers.TestInvoker.invokeTestMethod(TestInvoker.java:227)
at org.testng.internal.invokers.MethodRunner.runInSequence(MethodRunner.java:50)
at org.testng.internal.invokers.TestInvoker$MethodInvocationAgent.invoke(TestInvoker.java:957)
at org.testng.internal.invokers.TestInvoker.invokeTestMethods(TestInvoker.java:200)
at org.testng.internal.invokers.TestMethodWorker.invokeTestMethods(TestMethodWorker.java:148)
at org.testng.internal.invokers.TestMethodWorker.run(TestMethodWorker.java:128)
at java.base/java.util.ArrayList.forEach(ArrayList.java:1597)
at org.testng.TestRunner.privateRun(TestRunner.java:848)
at org.testng.TestRunner.run(TestRunner.java:621)
at org.testng.SuiteRunner.runTest(SuiteRunner.java:443)
at org.testng.SuiteRunner.runSequentially(SuiteRunner.java:437)
at org.testng.SuiteRunner.privateRun(SuiteRunner.java:397)
at org.testng.SuiteRunner.run(SuiteRunner.java:336)
at org.testng.SuiteRunnerWorker.runSuite(SuiteRunnerWorker.java:52)
at org.testng.SuiteRunnerWorker.run(SuiteRunnerWorker.java:95)
at org.testng.TestNG.runSuitesSequentially(TestNG.java:1280)
at org.testng.TestNG.runSuitesLocally(TestNG.java:1200)
at org.testng.TestNG.runSuites(TestNG.java:1114)
at org.testng.TestNG.run(TestNG.java:1082)
at org.testng.remote.AbstractRemoteTestNG.run(AbstractRemoteTestNG.java:115)
at org.testng.remote.RemoteTestNG.initAndRun(RemoteTestNG.java:293)
at org.testng.remote.RemoteTestNG.main(RemoteTestNG.java:91)
]]>
            </full-stacktrace>
          </exception> <!-- org.openqa.selenium.NoSuchElementException -->
          <reporter-output>
          </reporter-output>
        </test-method> <!-- validSignup -->
        <test-method is-config="true" signature="closeBrowser()[pri:0, instance:Test.TC001_Signup@456d6c1e]" started-at="2024-08-09T18:39:00 IST" name="closeBrowser" finished-at="2024-08-09T18:39:00 IST" duration-ms="177" status="PASS">
          <reporter-output>
          </reporter-output>
        </test-method> <!-- closeBrowser -->
        <test-method is-config="true" signature="launchingBrowser()[pri:0, instance:Test.TC001_Signup@456d6c1e]" started-at="2024-08-09T18:39:00 IST" name="launchingBrowser" finished-at="2024-08-09T18:39:14 IST" duration-ms="13211" status="PASS">
          <reporter-output>
          </reporter-output>
        </test-method> <!-- launchingBrowser -->
        <test-method signature="validSignup(java.lang.String,java.lang.String,java.lang.String,java.lang.String,java.lang.String,java.lang.String,java.lang.String,java.lang.String,java.lang.String)[pri:0, instance:Test.TC001_Signup@456d6c1e]" started-at="2024-08-09T18:39:14 IST" name="validSignup" data-provider="getdata" finished-at="2024-08-09T18:39:41 IST" duration-ms="27589" status="FAIL">
          <params>
            <param index="0">
              <value>
                <![CDATA[Test]]>
              </value>
            </param>
            <param index="1">
              <value>
                <![CDATA[user]]>
              </value>
            </param>
            <param index="2">
              <value>
                <![CDATA[testuser@gmail.com]]>
              </value>
            </param>
            <param index="3">
              <value>
                <![CDATA[null]]>
              </value>
            </param>
            <param index="4">
              <value>
                <![CDATA[Jenner456@#]]>
              </value>
            </param>
            <param index="5">
              <value>
                <![CDATA[]]>
              </value>
            </param>
            <param index="6">
              <value>
                <![CDATA[yes]]>
              </value>
            </param>
            <param index="7">
              <value>
                <![CDATA[in Valid]]>
              </value>
            </param>
            <param index="8">
              <value>
                <![CDATA[Error]]>
              </value>
            </param>
          </params>
          <exception class="org.openqa.selenium.NoSuchElementException">
            <message>
              <![CDATA[no such element: Unable to locate element: {"method":"xpath","selector":"//button[normalize-space()='Skip for now']"}
  (Session info: chrome=127.0.6533.100)
For documentation on this error, please visit: https://www.selenium.dev/documentation/webdriver/troubleshooting/errors#no-such-element-exception
Build info: version: '4.21.0', revision: '79ed462ef4'
System info: os.name: 'Windows 11', os.arch: 'amd64', os.version: '10.0', java.version: '22.0.1'
Driver info: org.openqa.selenium.chrome.ChromeDriver
Command: [0d53a32950d65e1ffda3f140edb9c7e5, findElement {value=//button[normalize-space()='Skip for now'], using=xpath}]
Capabilities {acceptInsecureCerts: false, browserName: chrome, browserVersion: 127.0.6533.100, chrome: {chromedriverVersion: 127.0.6533.99 (f31af5097d90..., userDataDir: C:\Users\Jenner\AppData\Loc...}, fedcm:accounts: true, goog:chromeOptions: {debuggerAddress: localhost:56498}, networkConnectionEnabled: false, pageLoadStrategy: normal, platformName: windows, proxy: Proxy(), se:cdp: ws://localhost:56498/devtoo..., se:cdpVersion: 127.0.6533.100, setWindowRect: true, strictFileInteractability: false, timeouts: {implicit: 0, pageLoad: 300000, script: 30000}, unhandledPromptBehavior: dismiss and notify, webauthn:extension:credBlob: true, webauthn:extension:largeBlob: true, webauthn:extension:minPinLength: true, webauthn:extension:prf: true, webauthn:virtualAuthenticators: true}
Session ID: 0d53a32950d65e1ffda3f140edb9c7e5]]>
            </message>
            <full-stacktrace>
              <![CDATA[org.openqa.selenium.NoSuchElementException: no such element: Unable to locate element: {"method":"xpath","selector":"//button[normalize-space()='Skip for now']"}
  (Session info: chrome=127.0.6533.100)
For documentation on this error, please visit: https://www.selenium.dev/documentation/webdriver/troubleshooting/errors#no-such-element-exception
Build info: version: '4.21.0', revision: '79ed462ef4'
System info: os.name: 'Windows 11', os.arch: 'amd64', os.version: '10.0', java.version: '22.0.1'
Driver info: org.openqa.selenium.chrome.ChromeDriver
Command: [0d53a32950d65e1ffda3f140edb9c7e5, findElement {value=//button[normalize-space()='Skip for now'], using=xpath}]
Capabilities {acceptInsecureCerts: false, browserName: chrome, browserVersion: 127.0.6533.100, chrome: {chromedriverVersion: 127.0.6533.99 (f31af5097d90..., userDataDir: C:\Users\Jenner\AppData\Loc...}, fedcm:accounts: true, goog:chromeOptions: {debuggerAddress: localhost:56498}, networkConnectionEnabled: false, pageLoadStrategy: normal, platformName: windows, proxy: Proxy(), se:cdp: ws://localhost:56498/devtoo..., se:cdpVersion: 127.0.6533.100, setWindowRect: true, strictFileInteractability: false, timeouts: {implicit: 0, pageLoad: 300000, script: 30000}, unhandledPromptBehavior: dismiss and notify, webauthn:extension:credBlob: true, webauthn:extension:largeBlob: true, webauthn:extension:minPinLength: true, webauthn:extension:prf: true, webauthn:virtualAuthenticators: true}
Session ID: 0d53a32950d65e1ffda3f140edb9c7e5
at java.base/jdk.internal.reflect.DirectConstructorHandleAccessor.newInstance(DirectConstructorHandleAccessor.java:62)
at java.base/java.lang.reflect.Constructor.newInstanceWithCaller(Constructor.java:502)
at java.base/java.lang.reflect.Constructor.newInstance(Constructor.java:486)
at org.openqa.selenium.remote.ErrorCodec.decode(ErrorCodec.java:167)
at org.openqa.selenium.remote.codec.w3c.W3CHttpResponseCodec.decode(W3CHttpResponseCodec.java:138)
at org.openqa.selenium.remote.codec.w3c.W3CHttpResponseCodec.decode(W3CHttpResponseCodec.java:50)
at org.openqa.selenium.remote.HttpCommandExecutor.execute(HttpCommandExecutor.java:190)
at org.openqa.selenium.remote.service.DriverCommandExecutor.invokeExecute(DriverCommandExecutor.java:216)
at org.openqa.selenium.remote.service.DriverCommandExecutor.execute(DriverCommandExecutor.java:174)
at org.openqa.selenium.remote.RemoteWebDriver.execute(RemoteWebDriver.java:518)
at org.openqa.selenium.remote.ElementLocation$ElementFinder$2.findElement(ElementLocation.java:165)
at org.openqa.selenium.remote.ElementLocation.findElement(ElementLocation.java:59)
at org.openqa.selenium.remote.RemoteWebDriver.findElement(RemoteWebDriver.java:355)
at org.openqa.selenium.remote.RemoteWebDriver.findElement(RemoteWebDriver.java:349)
at org.openqa.selenium.support.pagefactory.DefaultElementLocator.findElement(DefaultElementLocator.java:68)
at org.openqa.selenium.support.pagefactory.internal.LocatingElementHandler.invoke(LocatingElementHandler.java:38)
at jdk.proxy2/jdk.proxy2.$Proxy16.click(Unknown Source)
at Utility.Utilityclass.click(Utilityclass.java:98)
at Page.Signup.Signupclick(Signup.java:82)
at Test.TC001_Signup.validSignup(TC001_Signup.java:38)
at java.base/jdk.internal.reflect.DirectMethodHandleAccessor.invoke(DirectMethodHandleAccessor.java:103)
at java.base/java.lang.reflect.Method.invoke(Method.java:580)
at org.testng.internal.invokers.MethodInvocationHelper.invokeMethod(MethodInvocationHelper.java:139)
at org.testng.internal.invokers.TestInvoker.invokeMethod(TestInvoker.java:664)
at org.testng.internal.invokers.TestInvoker.invokeTestMethod(TestInvoker.java:227)
at org.testng.internal.invokers.MethodRunner.runInSequence(MethodRunner.java:50)
at org.testng.internal.invokers.TestInvoker$MethodInvocationAgent.invoke(TestInvoker.java:957)
at org.testng.internal.invokers.TestInvoker.invokeTestMethods(TestInvoker.java:200)
at org.testng.internal.invokers.TestMethodWorker.invokeTestMethods(TestMethodWorker.java:148)
at org.testng.internal.invokers.TestMethodWorker.run(TestMethodWorker.java:128)
at java.base/java.util.ArrayList.forEach(ArrayList.java:1597)
at org.testng.TestRunner.privateRun(TestRunner.java:848)
at org.testng.TestRunner.run(TestRunner.java:621)
at org.testng.SuiteRunner.runTest(SuiteRunner.java:443)
at org.testng.SuiteRunner.runSequentially(SuiteRunner.java:437)
at org.testng.SuiteRunner.privateRun(SuiteRunner.java:397)
at org.testng.SuiteRunner.run(SuiteRunner.java:336)
at org.testng.SuiteRunnerWorker.runSuite(SuiteRunnerWorker.java:52)
at org.testng.SuiteRunnerWorker.run(SuiteRunnerWorker.java:95)
at org.testng.TestNG.runSuitesSequentially(TestNG.java:1280)
at org.testng.TestNG.runSuitesLocally(TestNG.java:1200)
at org.testng.TestNG.runSuites(TestNG.java:1114)
at org.testng.TestNG.run(TestNG.java:1082)
at org.testng.remote.AbstractRemoteTestNG.run(AbstractRemoteTestNG.java:115)
at org.testng.remote.RemoteTestNG.initAndRun(RemoteTestNG.java:293)
at org.testng.remote.RemoteTestNG.main(RemoteTestNG.java:91)
]]>
            </full-stacktrace>
          </exception> <!-- org.openqa.selenium.NoSuchElementException -->
          <reporter-output>
          </reporter-output>
        </test-method> <!-- validSignup -->
        <test-method is-config="true" signature="closeBrowser()[pri:0, instance:Test.TC001_Signup@456d6c1e]" started-at="2024-08-09T18:39:41 IST" name="closeBrowser" finished-at="2024-08-09T18:39:42 IST" duration-ms="178" status="PASS">
          <reporter-output>
          </reporter-output>
        </test-method> <!-- closeBrowser -->
        <test-method is-config="true" signature="launchingBrowser()[pri:0, instance:Test.TC001_Signup@456d6c1e]" started-at="2024-08-09T18:39:42 IST" name="launchingBrowser" finished-at="2024-08-09T18:39:53 IST" duration-ms="11246" status="PASS">
          <reporter-output>
          </reporter-output>
        </test-method> <!-- launchingBrowser -->
        <test-method signature="validSignup(java.lang.String,java.lang.String,java.lang.String,java.lang.String,java.lang.String,java.lang.String,java.lang.String,java.lang.String,java.lang.String)[pri:0, instance:Test.TC001_Signup@456d6c1e]" started-at="2024-08-09T18:39:53 IST" name="validSignup" data-provider="getdata" finished-at="2024-08-09T18:40:26 IST" duration-ms="33406" status="FAIL">
          <params>
            <param index="0">
              <value>
                <![CDATA[Test]]>
              </value>
            </param>
            <param index="1">
              <value>
                <![CDATA[user]]>
              </value>
            </param>
            <param index="2">
              <value>
                <![CDATA[testuser@gmail.com]]>
              </value>
            </param>
            <param index="3">
              <value>
                <![CDATA[null]]>
              </value>
            </param>
            <param index="4">
              <value>
                <![CDATA[null]]>
              </value>
            </param>
            <param index="5">
              <value>
                <![CDATA[8754645203]]>
              </value>
            </param>
            <param index="6">
              <value>
                <![CDATA[yes]]>
              </value>
            </param>
            <param index="7">
              <value>
                <![CDATA[in Valid]]>
              </value>
            </param>
            <param index="8">
              <value>
                <![CDATA[Error]]>
              </value>
            </param>
          </params>
          <exception class="org.openqa.selenium.NoSuchElementException">
            <message>
              <![CDATA[no such element: Unable to locate element: {"method":"xpath","selector":"//button[normalize-space()='Skip for now']"}
  (Session info: chrome=127.0.6533.100)
For documentation on this error, please visit: https://www.selenium.dev/documentation/webdriver/troubleshooting/errors#no-such-element-exception
Build info: version: '4.21.0', revision: '79ed462ef4'
System info: os.name: 'Windows 11', os.arch: 'amd64', os.version: '10.0', java.version: '22.0.1'
Driver info: org.openqa.selenium.chrome.ChromeDriver
Command: [6b55551f2df26cd840ba3f2e9a738ece, findElement {value=//button[normalize-space()='Skip for now'], using=xpath}]
Capabilities {acceptInsecureCerts: false, browserName: chrome, browserVersion: 127.0.6533.100, chrome: {chromedriverVersion: 127.0.6533.99 (f31af5097d90..., userDataDir: C:\Users\Jenner\AppData\Loc...}, fedcm:accounts: true, goog:chromeOptions: {debuggerAddress: localhost:56638}, networkConnectionEnabled: false, pageLoadStrategy: normal, platformName: windows, proxy: Proxy(), se:cdp: ws://localhost:56638/devtoo..., se:cdpVersion: 127.0.6533.100, setWindowRect: true, strictFileInteractability: false, timeouts: {implicit: 0, pageLoad: 300000, script: 30000}, unhandledPromptBehavior: dismiss and notify, webauthn:extension:credBlob: true, webauthn:extension:largeBlob: true, webauthn:extension:minPinLength: true, webauthn:extension:prf: true, webauthn:virtualAuthenticators: true}
Session ID: 6b55551f2df26cd840ba3f2e9a738ece]]>
            </message>
            <full-stacktrace>
              <![CDATA[org.openqa.selenium.NoSuchElementException: no such element: Unable to locate element: {"method":"xpath","selector":"//button[normalize-space()='Skip for now']"}
  (Session info: chrome=127.0.6533.100)
For documentation on this error, please visit: https://www.selenium.dev/documentation/webdriver/troubleshooting/errors#no-such-element-exception
Build info: version: '4.21.0', revision: '79ed462ef4'
System info: os.name: 'Windows 11', os.arch: 'amd64', os.version: '10.0', java.version: '22.0.1'
Driver info: org.openqa.selenium.chrome.ChromeDriver
Command: [6b55551f2df26cd840ba3f2e9a738ece, findElement {value=//button[normalize-space()='Skip for now'], using=xpath}]
Capabilities {acceptInsecureCerts: false, browserName: chrome, browserVersion: 127.0.6533.100, chrome: {chromedriverVersion: 127.0.6533.99 (f31af5097d90..., userDataDir: C:\Users\Jenner\AppData\Loc...}, fedcm:accounts: true, goog:chromeOptions: {debuggerAddress: localhost:56638}, networkConnectionEnabled: false, pageLoadStrategy: normal, platformName: windows, proxy: Proxy(), se:cdp: ws://localhost:56638/devtoo..., se:cdpVersion: 127.0.6533.100, setWindowRect: true, strictFileInteractability: false, timeouts: {implicit: 0, pageLoad: 300000, script: 30000}, unhandledPromptBehavior: dismiss and notify, webauthn:extension:credBlob: true, webauthn:extension:largeBlob: true, webauthn:extension:minPinLength: true, webauthn:extension:prf: true, webauthn:virtualAuthenticators: true}
Session ID: 6b55551f2df26cd840ba3f2e9a738ece
at java.base/jdk.internal.reflect.DirectConstructorHandleAccessor.newInstance(DirectConstructorHandleAccessor.java:62)
at java.base/java.lang.reflect.Constructor.newInstanceWithCaller(Constructor.java:502)
at java.base/java.lang.reflect.Constructor.newInstance(Constructor.java:486)
at org.openqa.selenium.remote.ErrorCodec.decode(ErrorCodec.java:167)
at org.openqa.selenium.remote.codec.w3c.W3CHttpResponseCodec.decode(W3CHttpResponseCodec.java:138)
at org.openqa.selenium.remote.codec.w3c.W3CHttpResponseCodec.decode(W3CHttpResponseCodec.java:50)
at org.openqa.selenium.remote.HttpCommandExecutor.execute(HttpCommandExecutor.java:190)
at org.openqa.selenium.remote.service.DriverCommandExecutor.invokeExecute(DriverCommandExecutor.java:216)
[...]
            </message>
            <full-stacktrace>
              <![CDATA[org.openqa.selenium.NoSuchElementException: no such element: Unable to locate element: {"method":"xpath","selector":"//button[normalize-space()='Skip for now']"}
  (Session info: chrome=127.0.6533.100)
For documentation on this error, please visit: https://www.selenium.dev/documentation/webdriver/troubleshooting/errors#no-such-element-exception
Build info: version: '4.21.0', revision: '79ed462ef4'
System info: os.name: 'Windows 11', os.arch: 'amd64', os.version: '10.0', java.version: '22.0.1'
Driver info: org.openqa.selenium.chrome.ChromeDriver
Command: [7f8e881903a3296bda94c00500b95e08, findElement {value=//button[normalize-space()='Skip for now'], using=xpath}]
Capabilities {acceptInsecureCerts: false, browserName: chrome, browserVersion: 127.0.6533.100, chrome: {chromedriverVersion: 127.0.6533.99 (f31af5097d90..., userDataDir: C:\Users\Jenner\AppData\Loc...}, fedcm:accounts: true, goog:chromeOptions: {debuggerAddress: localhost:53308}, networkConnectionEnabled: false, pageLoadStrategy: normal, platformName: windows, proxy: Proxy(), se:cdp: ws://localhost:53308/devtoo..., se:cdpVersion: 127.0.6533.100, setWindowRect: true, strictFileInteractability: false, timeouts: {implicit: 0, pageLoad: 300000, script: 30000}, unhandledPromptBehavior: dismiss and notify, webauthn:extension:credBlob: true, webauthn:extension:largeBlob: true, webauthn:extension:minPinLength: true, webauthn:extension:prf: true, webauthn:virtualAuthenticators: true}
Session ID: 7f8e881903a3296bda94c00500b95e08
at java.base/jdk.internal.reflect.DirectConstructorHandleAccessor.newInstance(DirectConstructorHandleAccessor.java:62)
at java.base/java.lang.reflect.Constructor.newInstanceWithCaller(Constructor.java:502)
at java.base/java.lang.reflect.Constructor.newInstance(Constructor.java:486)
at org.openqa.selenium.remote.ErrorCodec.decode(ErrorCodec.java:167)
at org.openqa.selenium.remote.codec.w3c.W3CHttpResponseCodec.decode(W3CHttpResponseCodec.java:138)
at org.openqa.selenium.remote.codec.w3c.W3CHttpResponseCodec.decode(W3CHttpResponseCodec.java:50)
at org.openqa.selenium.remote.HttpCommandExecutor.execute(HttpCommandExecutor.java:190)
at org.openqa.selenium.remote.service.DriverCommandExecutor.invokeExecute(DriverCommandExecutor.java:216)
at org.openqa.selenium.remote.service.DriverCommandExecutor.execute(DriverCommandExecutor.java:174)
at org.openqa.selenium.remote.RemoteWebDriver.execute(RemoteWebDriver.java:518)
at org.openqa.selenium.remote.ElementLocation$ElementFinder$2.findElement(ElementLocation.java:165)
at org.openqa.selenium.remote.ElementLocation.findElement(ElementLocation.java:59)
at org.openqa.selenium.remote.RemoteWebDriver.findElement(RemoteWebDriver.java:355)
at org.openqa.selenium.remote.RemoteWebDriver.findElement(RemoteWebDriver.java:349)
at org.openqa.selenium.support.pagefactory.DefaultElementLocator.findElement(DefaultElementLocator.java:68)
at org.openqa.selenium.support.pagefactory.internal.LocatingElementHandler.invoke(LocatingElementHandler.java:38)
at jdk.proxy2/jdk.proxy2.$Proxy16.click(Unknown Source)
at Utility.Utilityclass.click(Utilityclass.java:98)
at Page.Signup.Signupclick(Signup.java:82)
at Test.TC001_Signup.validSignup(TC001_Signup.java:38)
at java.base/jdk.internal.reflect.DirectMethodHandleAccessor.invoke(DirectMethodHandleAccessor.java:103)
at java.base/java.lang.reflect.Method.invoke(Method.java:580)
at org.testng.internal.invokers.MethodInvocationHelper.invokeMethod(MethodInvocationHelper.java:139)
at org.testng.internal.invokers.TestInvoker.invokeMethod(TestInvoker.java:664)
at org.testng.internal.invokers.TestInvoker.invokeTestMethod(TestInvoker.java:227)
at org.testng.internal.invokers.MethodRunner.runInSequence(MethodRunner.java:50)
at org.testng.internal.invokers.TestInvoker$MethodInvocationAgent.invoke(TestInvoker.java:957)
at org.testng.internal.invokers.TestInvoker.invokeTestMethods(TestInvoker.java:200)
at org.testng.internal.invokers.TestMethodWorker.invokeTestMethods(TestMethodWorker.java:148)
at org.testng.internal.invokers.TestMethodWorker.run(TestMethodWorker.java:128)
at java.base/java.util.ArrayList.forEach(ArrayList.java:1597)
at org.testng.TestRunner.privateRun(TestRunner.java:848)
at org.testng.TestRunner.run(TestRunner.java:621)
at org.testng.SuiteRunner.runTest(SuiteRunner.java:443)
at org.testng.SuiteRunner.runSequentially(SuiteRunner.java:437)
at org.testng.SuiteRunner.privateRun(SuiteRunner.java:397)
at org.testng.SuiteRunner.run(SuiteRunner.java:336)
at org.testng.SuiteRunnerWorker.runSuite(SuiteRunnerWorker.java:52)
at org.testng.SuiteRunnerWorker.run(SuiteRunnerWorker.java:95)
at org.testng.TestNG.runSuitesSequentially(TestNG.java:1280)
at org.testng.TestNG.runSuitesLocally(TestNG.java:1200)
at org.testng.TestNG.runSuites(TestNG.java:1114)
at org.testng.TestNG.run(TestNG.java:1082)
at org.testng.remote.AbstractRemoteTestNG.run(AbstractRemoteTestNG.java:115)
at org.testng.remote.RemoteTestNG.initAndRun(RemoteTestNG.java:293)
at org.testng.remote.RemoteTestNG.main(RemoteTestNG.java:91)
]]>
            </full-stacktrace>
          </exception> <!-- org.openqa.selenium.NoSuchElementException -->
          <reporter-output>
          </reporter-output>
        </test-method> <!-- validSignup -->
        <test-method is-config="true" signature="closeBrowser()[pri:0, instance:Test.TC001_Signup@456d6c1e]" started-at="2024-08-09T19:22:22 IST" name="closeBrowser" finished-at="2024-08-09T19:22:23 IST" duration-ms="200" status="PASS">
          <reporter-output>
          </reporter-output>
        </test-method> <!-- closeBrowser -->
      </class> <!-- Test.TC001_Signup -->
      <class name="Test.TC006_Brand_Shopping">
        <test-method is-config="true" signature="setup()[pri:0, instance:Test.TC006_Brand_Shopping@19976a65]" started-at="2024-08-09T18:35:14 IST" name="setup" finished-at="2024-08-09T18:35:14 IST" duration-ms="1" status="PASS">
          <reporter-output>
          </reporter-output>
        </test-method> <!-- setup -->
        <test-method is-config="true" signature="launchingBrowser()[pri:0, instance:Test.TC006_Brand_Shopping@19976a65]" started-at="2024-08-09T19:29:20 IST" name="launchingBrowser" finished-at="2024-08-09T19:29:31 IST" duration-ms="10489" status="PASS">
          <reporter-output>
          </reporter-output>
        </test-method> <!-- launchingBrowser -->
        <test-method signature="Brand_shopping_Validation()[pri:0, instance:Test.TC006_Brand_Shopping@19976a65]" started-at="2024-08-09T19:29:31 IST" name="Brand_shopping_Validation" finished-at="2024-08-09T19:30:10 IST" duration-ms="38579" status="PASS">
          <reporter-output>
          </reporter-output>
        </test-method> <!-- Brand_shopping_Validation -->
        <test-method is-config="true" signature="closeBrowser()[pri:0, instance:Test.TC006_Brand_Shopping@19976a65]" started-at="2024-08-09T19:30:10 IST" name="closeBrowser" finished-at="2024-08-09T19:30:10 IST" duration-ms="296" status="PASS">
          <reporter-output>
          </reporter-output>
        </test-method> <!-- closeBrowser -->
      </class> <!-- Test.TC006_Brand_Shopping -->
      <class name="Test.TC008_PaymentComplete_test">
        <test-method is-config="true" signature="setup()[pri:0, instance:Test.TC008_PaymentComplete_test@4b2c5e02]" started-at="2024-08-09T18:35:14 IST" name="setup" finished-at="2024-08-09T18:35:14 IST" duration-ms="0" status="PASS">
          <reporter-output>
          </reporter-output>
        </test-method> <!-- setup -->
        <test-method is-config="true" signature="launchingBrowser()[pri:0, instance:Test.TC008_PaymentComplete_test@4b2c5e02]" started-at="2024-08-09T19:30:42 IST" name="launchingBrowser" finished-at="2024-08-09T19:30:53 IST" duration-ms="10785" status="PASS">
          <reporter-output>
          </reporter-output>
        </test-method> <!-- launchingBrowser -->
        <test-method signature="Payment_Validation()[pri:0, instance:Test.TC008_PaymentComplete_test@4b2c5e02]" started-at="2024-08-09T19:30:53 IST" name="Payment_Validation" finished-at="2024-08-09T19:31:50 IST" duration-ms="56405" status="PASS">
          <reporter-output>
          </reporter-output>
        </test-method> <!-- Payment_Validation -->
        <test-method is-config="true" signature="closeBrowser()[pri:0, instance:Test.TC008_PaymentComplete_test@4b2c5e02]" started-at="2024-08-09T19:31:50 IST" name="closeBrowser" finished-at="2024-08-09T19:31:50 IST" duration-ms="200" status="PASS">
          <reporter-output>
          </reporter-output>
        </test-method> <!-- closeBrowser -->
      </class> <!-- Test.TC008_PaymentComplete_test -->
      <class name="Test.TC007_CartPageTest">
        <test-method is-config="true" signature="setup()[pri:0, instance:Test.TC007_CartPageTest@a1f72f5]" started-at="2024-08-09T18:35:14 IST" name="setup" finished-at="2024-08-09T18:35:14 IST" duration-ms="1" status="PASS">
          <reporter-output>
          </reporter-output>
        </test-method> <!-- setup -->
        <test-method is-config="true" signature="launchingBrowser()[pri:0, instance:Test.TC007_CartPageTest@a1f72f5]" started-at="2024-08-09T19:30:10 IST" name="launchingBrowser" finished-at="2024-08-09T19:30:23 IST" duration-ms="13028" status="PASS">
          <reporter-output>
          </reporter-output>
        </test-method> <!-- launchingBrowser -->
        <test-method signature="Cart_Page_Validation()[pri:0, instance:Test.TC007_CartPageTest@a1f72f5]" started-at="2024-08-09T19:30:23 IST" name="Cart_Page_Validation" finished-at="2024-08-09T19:30:42 IST" duration-ms="18953" status="FAIL">
          <exception class="org.openqa.selenium.NoSuchElementException">
            <message>
              <![CDATA[no such element: Unable to locate element: {"method":"xpath","selector":"//a[normalize-space()='Go to Cart']"}
  (Session info: chrome=127.0.6533.100)
For documentation on this error, please visit: https://www.selenium.dev/documentation/webdriver/troubleshooting/errors#no-such-element-exception
Build info: version: '4.21.0', revision: '79ed462ef4'
System info: os.name: 'Windows 11', os.arch: 'amd64', os.version: '10.0', java.version: '22.0.1'
Driver info: org.openqa.selenium.chrome.ChromeDriver
Command: [5acf861c41e106d24c313a3a62a37a2a, findElement {value=//a[normalize-space()='Go to Cart'], using=xpath}]
Capabilities {acceptInsecureCerts: false, browserName: chrome, browserVersion: 127.0.6533.100, chrome: {chromedriverVersion: 127.0.6533.99 (f31af5097d90..., userDataDir: C:\Users\Jenner\AppData\Loc...}, fedcm:accounts: true, goog:chromeOptions: {debuggerAddress: localhost:56247}, networkConnectionEnabled: false, pageLoadStrategy: normal, platformName: windows, proxy: Proxy(), se:cdp: ws://localhost:56247/devtoo..., se:cdpVersion: 127.0.6533.100, setWindowRect: true, strictFileInteractability: false, timeouts: {implicit: 0, pageLoad: 300000, script: 30000}, unhandledPromptBehavior: dismiss and notify, webauthn:extension:credBlob: true, webauthn:extension:largeBlob: true, webauthn:extension:minPinLength: true, webauthn:extension:prf: true, webauthn:virtualAuthenticators: true}
Session ID: 5acf861c41e106d24c313a3a62a37a2a]]>
            </message>
            <full-stacktrace>
              <![CDATA[org.openqa.selenium.NoSuchElementException: no such element: Unable to locate element: {"method":"xpath","selector":"//a[normalize-space()='Go to Cart']"}
  (Session info: chrome=127.0.6533.100)
For documentation on this error, please visit: https://www.selenium.dev/documentation/webdriver/troubleshooting/errors#no-such-element-exception
Build info: version: '4.21.0', revision: '79ed462ef4'
System info: os.name: 'Windows 11', os.arch: 'amd64', os.version: '10.0', java.version: '22.0.1'
Driver info: org.openqa.selenium.chrome.ChromeDriver
Command: [5acf861c41e106d24c313a3a62a37a2a, findElement {value=//a[normalize-space()='Go to Cart'], using=xpath}]
Capabilities {acceptInsecureCerts: false, browserName: chrome, browserVersion: 127.0.6533.100, chrome: {chromedriverVersion: 127.0.6533.99 (f31af5097d90..., userDataDir: C:\Users\Jenner\AppData\Loc...}, fedcm:accounts: true, goog:chromeOptions: {debuggerAddress: localhost:56247}, networkConnectionEnabled: false, pageLoadStrategy: normal, platformName: windows, proxy: Proxy(), se:cdp: ws://localhost:56247/devtoo..., se:cdpVersion: 127.0.6533.100, setWindowRect: true, strictFileInteractability: false, timeouts: {implicit: 0, pageLoad: 300000, script: 30000}, unhandledPromptBehavior: dismiss and notify, webauthn:extension:credBlob: true, webauthn:extension:largeBlob: true, webauthn:extension:minPinLength: true, webauthn:extension:prf: true, webauthn:virtualAuthenticators: true}
Session ID: 5acf861c41e106d24c313a3a62a37a2a
at java.base/jdk.internal.reflect.DirectConstructorHandleAccessor.newInstance(DirectConstructorHandleAccessor.java:62)
at java.base/java.lang.reflect.Constructor.newInstanceWithCaller(Constructor.java:502)
at java.base/java.lang.reflect.Constructor.newInstance(Constructor.java:486)
at org.openqa.selenium.remote.ErrorCodec.decode(ErrorCodec.java:167)
at org.openqa.selenium.remote.codec.w3c.W3CHttpResponseCodec.decode(W3CHttpResponseCodec.java:138)
at org.openqa.selenium.remote.codec.w3c.W3CHttpResponseCodec.decode(W3CHttpResponseCodec.java:50)
at org.openqa.selenium.remote.HttpCommandExecutor.execute(HttpCommandExecutor.java:190)
at org.openqa.selenium.remote.service.DriverCommandExecutor.invokeExecute(DriverCommandExecutor.java:216)
at org.openqa.selenium.remote.service.DriverCommandExecutor.execute(DriverCommandExecutor.java:174)
at org.openqa.selenium.remote.RemoteWebDriver.execute(RemoteWebDriver.java:518)
at org.openqa.selenium.remote.ElementLocation$ElementFinder$2.findElement(ElementLocation.java:165)
at org.openqa.selenium.remote.ElementLocation.findElement(ElementLocation.java:59)
at org.openqa.selenium.remote.RemoteWebDriver.findElement(RemoteWebDriver.java:355)
at org.openqa.selenium.remote.RemoteWebDriver.findElement(RemoteWebDriver.java:349)
at org.openqa.selenium.support.pagefactory.DefaultElementLocator.findElement(DefaultElementLocator.java:68)
at org.openqa.selenium.support.pagefactory.internal.LocatingElementHandler.invoke(LocatingElementHandler.java:38)
at jdk.proxy2/jdk.proxy2.$Proxy16.click(Unknown Source)
at Utility.Utilityclass.click(Utilityclass.java:98)
at Page.Cart_Page.Add_Cart(Cart_Page.java:28)
at Test.TC007_CartPageTest.Cart_Page_Validation(TC007_CartPageTest.java:31)
at java.base/jdk.internal.reflect.DirectMethodHandleAccessor.invoke(DirectMethodHandleAccessor.java:103)
at java.base/java.lang.reflect.Method.invoke(Method.java:580)
at org.testng.internal.invokers.MethodInvocationHelper.invokeMethod(MethodInvocationHelper.java:139)
at org.testng.internal.invokers.TestInvoker.invokeMethod(TestInvoker.java:664)
at org.testng.internal.invokers.TestInvoker.invokeTestMethod(TestInvoker.java:227)
at org.testng.internal.invokers.MethodRunner.runInSequence(MethodRunner.java:50)
at org.testng.internal.invokers.TestInvoker$MethodInvocationAgent.invoke(TestInvoker.java:957)
at org.testng.internal.invokers.TestInvoker.invokeTestMethods(TestInvoker.java:200)
at org.testng.internal.invokers.TestMethodWorker.invokeTestMethods(TestMethodWorker.java:148)
at org.testng.internal.invokers.TestMethodWorker.run(TestMethodWorker.java:128)
at java.base/java.util.ArrayList.forEach(ArrayList.java:1597)
at org.testng.TestRunner.privateRun(TestRunner.java:848)
at org.testng.TestRunner.run(TestRunner.java:621)
at org.testng.SuiteRunner.runTest(SuiteRunner.java:443)
at org.testng.SuiteRunner.runSequentially(SuiteRunner.java:437)
at org.testng.SuiteRunner.privateRun(SuiteRunner.java:397)
at org.testng.SuiteRunner.run(SuiteRunner.java:336)
at org.testng.SuiteRunnerWorker.runSuite(SuiteRunnerWorker.java:52)
at org.testng.SuiteRunnerWorker.run(SuiteRunnerWorker.java:95)
at org.testng.TestNG.runSuitesSequentially(TestNG.java:1280)
at org.testng.TestNG.runSuitesLocally(TestNG.java:1200)
at org.testng.TestNG.runSuites(TestNG.java:1114)
at org.testng.TestNG.run(TestNG.java:1082)
at org.testng.remote.AbstractRemoteTestNG.run(AbstractRemoteTestNG.java:115)
at org.testng.remote.RemoteTestNG.initAndRun(RemoteTestNG.java:293)
at org.testng.remote.RemoteTestNG.main(RemoteTestNG.java:91)
]]>
            </full-stacktrace>
          </exception> <!-- org.openqa.selenium.NoSuchElementException -->
          <reporter-output>
          </reporter-output>
        </test-method> <!-- Cart_Page_Validation -->
        <test-method is-config="true" signature="closeBrowser()[pri:0, instance:Test.TC007_CartPageTest@a1f72f5]" started-at="2024-08-09T19:30:42 IST" name="closeBrowser" finished-at="2024-08-09T19:30:42 IST" duration-ms="246" status="PASS">
          <reporter-output>
          </reporter-output>
        </test-method> <!-- closeBrowser -->
      </class> <!-- Test.TC007_CartPageTest -->
      <class name="Test.TC009_Input_Validation">
        <test-method is-config="true" signature="setup()[pri:0, instance:Test.TC009_Input_Validation@57a3e26a]" started-at="2024-08-09T18:35:14 IST" name="setup" finished-at="2024-08-09T18:35:14 IST" duration-ms="0" status="PASS">
          <reporter-output>
          </reporter-output>
        </test-method> <!-- setup -->
        <test-method is-config="true" signature="launchingBrowser()[pri:0, instance:Test.TC009_Input_Validation@57a3e26a]" started-at="2024-08-09T19:31:50 IST" name="launchingBrowser" finished-at="2024-08-09T19:32:01 IST" duration-ms="11524" status="PASS">
          <reporter-output>
          </reporter-output>
        </test-method> <!-- launchingBrowser -->
        <test-method signature="Cart_Page_Validation()[pri:0, instance:Test.TC009_Input_Validation@57a3e26a]" started-at="2024-08-09T19:32:01 IST" name="Cart_Page_Validation" finished-at="2024-08-09T19:32:16 IST" duration-ms="15189" status="PASS">
          <reporter-output>
          </reporter-output>
        </test-method> <!-- Cart_Page_Validation -->
        <test-method is-config="true" signature="closeBrowser()[pri:0, instance:Test.TC009_Input_Validation@57a3e26a]" started-at="2024-08-09T19:32:17 IST" name="closeBrowser" finished-at="2024-08-09T19:32:17 IST" duration-ms="532" status="PASS">
          <reporter-output>
          </reporter-output>
        </test-method> <!-- closeBrowser -->
      </class> <!-- Test.TC009_Input_Validation -->
      <class name="Test.TC004_MenuValidation">
        <test-method is-config="true" signature="setup()[pri:0, instance:Test.TC004_MenuValidation@dc9876b]" started-at="2024-08-09T18:35:14 IST" name="setup" finished-at="2024-08-09T18:35:14 IST" duration-ms="1" status="PASS">
          <reporter-output>
          </reporter-output>
        </test-method> <!-- setup -->
        <test-method is-config="true" signature="launchingBrowser()[pri:0, instance:Test.TC004_MenuValidation@dc9876b]" started-at="2024-08-09T19:27:49 IST" name="launchingBrowser" finished-at="2024-08-09T19:28:01 IST" duration-ms="12309" status="PASS">
          <reporter-output>
          </reporter-output>
        </test-method> <!-- launchingBrowser -->
        <test-method signature="Menu_Validation()[pri:0, instance:Test.TC004_MenuValidation@dc9876b]" started-at="2024-08-09T19:28:01 IST" name="Menu_Validation" finished-at="2024-08-09T19:28:34 IST" duration-ms="32526" status="PASS">
          <reporter-output>
          </reporter-output>
        </test-method> <!-- Menu_Validation -->
        <test-method is-config="true" signature="closeBrowser()[pri:0, instance:Test.TC004_MenuValidation@dc9876b]" started-at="2024-08-09T19:28:34 IST" name="closeBrowser" finished-at="2024-08-09T19:28:34 IST" duration-ms="311" status="PASS">
          <reporter-output>
          </reporter-output>
        </test-method> <!-- closeBrowser -->
      </class> <!-- Test.TC004_MenuValidation -->
    </test> <!-- Test -->
  </suite> <!-- Suite -->
</testng-results>
